{
  "/Users/senai/Desktop/IAT_Gradebook/frontend/app/index.js": {
    "path": "/Users/senai/Desktop/IAT_Gradebook/frontend/app/index.js",
    "statementMap": {
      "0": {
        "start": { "line": 1, "column": 0 },
        "end": { "line": null, "column": -1 }
      },
      "1": {
        "start": { "line": 2, "column": 0 },
        "end": { "line": null, "column": -1 }
      },
      "2": {
        "start": { "line": 4, "column": 0 },
        "end": { "line": null, "column": -1 }
      },
      "3": {
        "start": { "line": 5, "column": 0 },
        "end": { "line": null, "column": -1 }
      },
      "4": {
        "start": { "line": 6, "column": 0 },
        "end": { "line": null, "column": -1 }
      },
      "5": {
        "start": { "line": 7, "column": 0 },
        "end": { "line": null, "column": -1 }
      },
      "6": {
        "start": { "line": 9, "column": 0 },
        "end": { "line": null, "column": -1 }
      },
      "7": {
        "start": { "line": 10, "column": 0 },
        "end": { "line": null, "column": -1 }
      },
      "8": {
        "start": { "line": 12, "column": 21 },
        "end": { "line": 12, "column": 0 }
      },
      "9": {
        "start": { "line": 14, "column": 0 },
        "end": { "line": 16, "column": 1 }
      },
      "10": {
        "start": { "line": 15, "column": 2 },
        "end": { "line": 14, "column": 43 }
      },
      "11": {
        "start": { "line": 18, "column": 16 },
        "end": { "line": 18, "column": 0 }
      },
      "12": {
        "start": { "line": 19, "column": 14 },
        "end": { "line": 19, "column": 0 }
      },
      "13": {
        "start": { "line": 20, "column": 0 },
        "end": { "line": null, "column": -1 }
      }
    },
    "fnMap": {},
    "branchMap": {
      "0": {
        "loc": {
          "start": { "line": 14, "column": 0 },
          "end": { "line": 16, "column": 1 }
        },
        "type": "if",
        "locations": [
          {
            "start": { "line": 14, "column": 0 },
            "end": { "line": 16, "column": 1 }
          },
          {
            "start": { "line": 14, "column": 0 },
            "end": { "line": 16, "column": 1 }
          }
        ]
      }
    },
    "s": {
      "0": 0,
      "1": 0,
      "2": 0,
      "3": 0,
      "4": 0,
      "5": 0,
      "6": 0,
      "7": 0,
      "8": 0,
      "9": 0,
      "10": 0,
      "11": 0,
      "12": 0,
      "13": 0
    },
    "f": {},
    "b": { "0": [0, 0] }
  },
  "/Users/senai/Desktop/IAT_Gradebook/frontend/app/components/CourseClassList/index.js": {
    "path":
      "/Users/senai/Desktop/IAT_Gradebook/frontend/app/components/CourseClassList/index.js",
    "statementMap": {
      "0": {
        "start": { "line": 11, "column": 19 },
        "end": { "line": 52, "column": 1 }
      },
      "1": {
        "start": { "line": 12, "column": 18 },
        "end": { "line": 43, "column": 3 }
      },
      "2": {
        "start": { "line": 44, "column": 2 },
        "end": { "line": 50, "column": 3 }
      },
      "3": {
        "start": { "line": 45, "column": 4 },
        "end": { "line": 49, "column": 7 }
      },
      "4": {
        "start": { "line": 51, "column": 2 },
        "end": { "line": 51, "column": 17 }
      },
      "5": {
        "start": { "line": 54, "column": 24 },
        "end": { "line": 67, "column": 1 }
      },
      "6": {
        "start": { "line": 55, "column": 18 },
        "end": { "line": 55, "column": 42 }
      },
      "7": {
        "start": { "line": 56, "column": 2 },
        "end": { "line": 66, "column": 4 }
      },
      "8": {
        "start": { "line": 63, "column": 32 },
        "end": { "line": 63, "column": 45 }
      },
      "9": {
        "start": { "line": 69, "column": 0 },
        "end": { "line": 72, "column": 2 }
      }
    },
    "fnMap": {
      "0": {
        "name": "(anonymous_0)",
        "decl": {
          "start": { "line": 11, "column": 19 },
          "end": { "line": 11, "column": 20 }
        },
        "loc": {
          "start": { "line": 11, "column": 37 },
          "end": { "line": 52, "column": 1 }
        },
        "line": 11
      },
      "1": {
        "name": "(anonymous_1)",
        "decl": {
          "start": { "line": 54, "column": 24 },
          "end": { "line": 54, "column": 25 }
        },
        "loc": {
          "start": { "line": 54, "column": 59 },
          "end": { "line": 67, "column": 1 }
        },
        "line": 54
      },
      "2": {
        "name": "(anonymous_2)",
        "decl": {
          "start": { "line": 63, "column": 16 },
          "end": { "line": 63, "column": 17 }
        },
        "loc": {
          "start": { "line": 63, "column": 32 },
          "end": { "line": 63, "column": 45 }
        },
        "line": 63
      }
    },
    "branchMap": {
      "0": {
        "loc": {
          "start": { "line": 44, "column": 2 },
          "end": { "line": 50, "column": 3 }
        },
        "type": "if",
        "locations": [
          {
            "start": { "line": 44, "column": 2 },
            "end": { "line": 50, "column": 3 }
          },
          {
            "start": { "line": 44, "column": 2 },
            "end": { "line": 50, "column": 3 }
          }
        ],
        "line": 44
      }
    },
    "s": {
      "0": 1,
      "1": 0,
      "2": 0,
      "3": 0,
      "4": 0,
      "5": 1,
      "6": 0,
      "7": 0,
      "8": 0,
      "9": 1
    },
    "f": { "0": 0, "1": 0, "2": 0 },
    "b": { "0": [0, 0] },
    "_coverageSchema": "332fd63041d2c1bcb487cc26dd0d5f7d97098a6c",
    "hash": "712714300836d8b36727a1a9471f13cfcb6ba11c"
  },
  "/Users/senai/Desktop/IAT_Gradebook/frontend/app/components/DefaultContentError/index.js": {
    "path":
      "/Users/senai/Desktop/IAT_Gradebook/frontend/app/components/DefaultContentError/index.js",
    "statementMap": {
      "0": {
        "start": { "line": 7, "column": 0 },
        "end": { "line": null, "column": -1 }
      },
      "1": {
        "start": { "line": 8, "column": 0 },
        "end": { "line": null, "column": -1 }
      },
      "2": {
        "start": { "line": 9, "column": 0 },
        "end": { "line": null, "column": -1 }
      },
      "3": {
        "start": { "line": 10, "column": 0 },
        "end": { "line": null, "column": -1 }
      },
      "4": {
        "start": { "line": 12, "column": 28 },
        "end": { "line": 12, "column": 0 }
      },
      "5": {
        "start": { "line": 12, "column": 28 },
        "end": { "line": 12, "column": 27 }
      },
      "6": {
        "start": { "line": 12, "column": 28 },
        "end": { "line": null, "column": -1 }
      },
      "7": {
        "start": { "line": 23, "column": 0 },
        "end": { "line": null, "column": -1 }
      }
    },
    "fnMap": {
      "0": {
        "name": "DefaultContentError",
        "decl": {
          "start": { "line": 12, "column": 6 },
          "end": { "line": 12, "column": 28 }
        },
        "loc": {
          "start": { "line": 12, "column": 28 },
          "end": { "line": 12, "column": 0 }
        }
      }
    },
    "branchMap": {},
    "s": { "0": 0, "1": 0, "2": 0, "3": 0, "4": 0, "5": 0, "6": 0, "7": 0 },
    "f": { "0": 0 },
    "b": {}
  },
  "/Users/senai/Desktop/IAT_Gradebook/frontend/app/components/GenericNotFound/index.js": {
    "path":
      "/Users/senai/Desktop/IAT_Gradebook/frontend/app/components/GenericNotFound/index.js",
    "statementMap": {
      "0": {
        "start": { "line": 7, "column": 0 },
        "end": { "line": null, "column": -1 }
      },
      "1": {
        "start": { "line": 9, "column": 0 },
        "end": { "line": null, "column": -1 }
      },
      "2": {
        "start": { "line": 11, "column": 24 },
        "end": { "line": 11, "column": 0 }
      },
      "3": {
        "start": { "line": 11, "column": 24 },
        "end": { "line": null, "column": -1 }
      }
    },
    "fnMap": {
      "0": {
        "name": "GenericNotFound",
        "decl": {
          "start": { "line": 11, "column": 6 },
          "end": { "line": 11, "column": 24 }
        },
        "loc": {
          "start": { "line": 11, "column": 24 },
          "end": { "line": 11, "column": 0 }
        }
      }
    },
    "branchMap": {},
    "s": { "0": 0, "1": 0, "2": 0, "3": 0 },
    "f": { "0": 0 },
    "b": {}
  },
  "/Users/senai/Desktop/IAT_Gradebook/frontend/app/components/GradeTable/index.js": {
    "path":
      "/Users/senai/Desktop/IAT_Gradebook/frontend/app/components/GradeTable/index.js",
    "statementMap": {
      "0": {
        "start": { "line": 7, "column": 0 },
        "end": { "line": null, "column": -1 }
      },
      "1": {
        "start": { "line": 8, "column": 0 },
        "end": { "line": null, "column": -1 }
      },
      "2": {
        "start": { "line": 9, "column": 0 },
        "end": { "line": null, "column": -1 }
      },
      "3": {
        "start": { "line": 10, "column": 0 },
        "end": { "line": null, "column": -1 }
      },
      "4": {
        "start": { "line": 11, "column": 0 },
        "end": { "line": null, "column": -1 }
      },
      "5": {
        "start": { "line": 12, "column": 0 },
        "end": { "line": null, "column": -1 }
      },
      "6": {
        "start": { "line": 13, "column": 0 },
        "end": { "line": null, "column": -1 }
      },
      "7": {
        "start": { "line": 17, "column": 42 },
        "end": { "line": 16, "column": 22 }
      },
      "8": {
        "start": { "line": 18, "column": 4 },
        "end": { "line": null, "column": -1 }
      },
      "9": {
        "start": { "line": 19, "column": 36 },
        "end": { "line": 18, "column": 54 }
      },
      "10": {
        "start": { "line": 20, "column": 6 },
        "end": { "line": 24, "column": 7 }
      },
      "11": {
        "start": { "line": 21, "column": 8 },
        "end": { "line": null, "column": -1 }
      },
      "12": {
        "start": { "line": 25, "column": 6 },
        "end": { "line": null, "column": -1 }
      },
      "13": {
        "start": { "line": 30, "column": 4 },
        "end": { "line": null, "column": -1 }
      },
      "14": {
        "start": { "line": 33, "column": 42 },
        "end": { "line": 32, "column": 22 }
      },
      "15": {
        "start": { "line": 34, "column": 18 },
        "end": { "line": 34, "column": 4 }
      },
      "16": {
        "start": { "line": 35, "column": 36 },
        "end": { "line": 34, "column": 61 }
      },
      "17": {
        "start": { "line": 36, "column": 6 },
        "end": { "line": 38, "column": 7 }
      },
      "18": {
        "start": { "line": 37, "column": 8 },
        "end": { "line": null, "column": -1 }
      },
      "19": {
        "start": { "line": 39, "column": 6 },
        "end": { "line": null, "column": -1 }
      },
      "20": {
        "start": { "line": 41, "column": 23 },
        "end": { "line": 41, "column": 4 }
      },
      "21": {
        "start": { "line": 41, "column": 33 },
        "end": { "line": null, "column": -1 }
      },
      "22": {
        "start": { "line": 42, "column": 4 },
        "end": { "line": null, "column": -1 }
      },
      "23": {
        "start": { "line": 46, "column": 42 },
        "end": { "line": 45, "column": 25 }
      },
      "24": {
        "start": { "line": 47, "column": 26 },
        "end": { "line": 47, "column": 4 }
      },
      "25": {
        "start": { "line": 47, "column": 39 },
        "end": { "line": null, "column": -1 }
      },
      "26": {
        "start": { "line": 55, "column": 4 },
        "end": { "line": null, "column": -1 }
      },
      "27": {
        "start": { "line": 58, "column": 52 },
        "end": { "line": 58, "column": 51 }
      },
      "28": {
        "start": { "line": 58, "column": 52 },
        "end": { "line": null, "column": -1 }
      },
      "29": {
        "start": { "line": 59, "column": 24 },
        "end": { "line": 59, "column": 4 }
      },
      "30": {
        "start": { "line": 60, "column": 6 },
        "end": { "line": null, "column": -1 }
      },
      "31": {
        "start": { "line": 66, "column": 29 },
        "end": { "line": 66, "column": 4 }
      },
      "32": {
        "start": { "line": 67, "column": 19 },
        "end": { "line": 67, "column": 6 }
      },
      "33": {
        "start": { "line": 75, "column": 6 },
        "end": { "line": 77, "column": 7 }
      },
      "34": {
        "start": { "line": 76, "column": 8 },
        "end": { "line": null, "column": -1 }
      },
      "35": {
        "start": { "line": 78, "column": 22 },
        "end": { "line": 78, "column": 6 }
      },
      "36": {
        "start": { "line": 79, "column": 6 },
        "end": { "line": null, "column": -1 }
      },
      "37": {
        "start": { "line": 91, "column": 4 },
        "end": { "line": null, "column": -1 }
      },
      "38": {
        "start": { "line": 95, "column": 42 },
        "end": { "line": 94, "column": 25 }
      },
      "39": {
        "start": { "line": 96, "column": 4 },
        "end": { "line": null, "column": -1 }
      },
      "40": {
        "start": { "line": 96, "column": 24 },
        "end": { "line": null, "column": -1 }
      },
      "41": {
        "start": { "line": 104, "column": 11 },
        "end": { "line": null, "column": -1 }
      },
      "42": {
        "start": { "line": 105, "column": 41 },
        "end": { "line": 104, "column": 11 }
      },
      "43": {
        "start": { "line": 104, "column": 11 },
        "end": { "line": 104, "column": 10 }
      },
      "44": {
        "start": { "line": 106, "column": 4 },
        "end": { "line": null, "column": -1 }
      },
      "45": {
        "start": { "line": 130, "column": 23 },
        "end": { "line": null, "column": -1 }
      },
      "46": {
        "start": { "line": 150, "column": 0 },
        "end": { "line": null, "column": -1 }
      },
      "47": {
        "start": { "line": 156, "column": 0 },
        "end": { "line": null, "column": -1 }
      }
    },
    "fnMap": {
      "0": {
        "name": "(anonymous_14)",
        "decl": {
          "start": { "line": 18, "column": 27 },
          "end": { "line": 18, "column": 27 }
        },
        "loc": {
          "start": { "line": 18, "column": 54 },
          "end": { "line": 18, "column": 11 }
        }
      },
      "1": {
        "name": "(anonymous_17)",
        "decl": {
          "start": { "line": 34, "column": 34 },
          "end": { "line": 34, "column": 34 }
        },
        "loc": {
          "start": { "line": 34, "column": 61 },
          "end": { "line": 34, "column": 18 }
        }
      },
      "2": {
        "name": "(anonymous_18)",
        "decl": {
          "start": { "line": 41, "column": 33 },
          "end": { "line": 41, "column": 33 }
        },
        "loc": {
          "start": { "line": 41, "column": 33 },
          "end": { "line": 41, "column": 23 }
        }
      },
      "3": {
        "name": "(anonymous_20)",
        "decl": {
          "start": { "line": 47, "column": 39 },
          "end": { "line": 47, "column": 39 }
        },
        "loc": {
          "start": { "line": 47, "column": 39 },
          "end": { "line": 47, "column": 26 }
        }
      },
      "4": {
        "name": "(anonymous_22)",
        "decl": {
          "start": { "line": 60, "column": 6 },
          "end": { "line": 60, "column": 6 }
        },
        "loc": {
          "start": { "line": 60, "column": 6 },
          "end": { "line": 59, "column": 24 }
        }
      },
      "5": {
        "name": "(anonymous_23)",
        "decl": {
          "start": { "line": 66, "column": 52 },
          "end": { "line": 66, "column": 52 }
        },
        "loc": {
          "start": { "line": 66, "column": 62 },
          "end": { "line": 66, "column": 29 }
        }
      },
      "6": {
        "name": "(anonymous_25)",
        "decl": {
          "start": { "line": 96, "column": 24 },
          "end": { "line": 96, "column": 24 }
        },
        "loc": {
          "start": { "line": 96, "column": 24 },
          "end": { "line": 96, "column": 11 }
        }
      },
      "7": {
        "name": "onClick",
        "decl": {
          "start": { "line": 130, "column": 23 },
          "end": { "line": null, "column": -1 }
        },
        "loc": {
          "start": { "line": 130, "column": 23 },
          "end": { "line": null, "column": -1 }
        }
      },
      "8": {
        "name": "markCheck",
        "decl": {
          "start": { "line": 151, "column": 13 },
          "end": { "line": 151, "column": 18 }
        },
        "loc": {
          "start": { "line": 151, "column": 19 },
          "end": { "line": 150, "column": 26 }
        }
      }
    },
    "branchMap": {
      "0": {
        "loc": {
          "start": { "line": 20, "column": 6 },
          "end": { "line": 24, "column": 7 }
        },
        "type": "if",
        "locations": [
          {
            "start": { "line": 20, "column": 6 },
            "end": { "line": 24, "column": 7 }
          },
          {
            "start": { "line": 20, "column": 6 },
            "end": { "line": 24, "column": 7 }
          }
        ]
      },
      "1": {
        "loc": {
          "start": { "line": 36, "column": 6 },
          "end": { "line": 38, "column": 7 }
        },
        "type": "if",
        "locations": [
          {
            "start": { "line": 36, "column": 6 },
            "end": { "line": 38, "column": 7 }
          },
          {
            "start": { "line": 36, "column": 6 },
            "end": { "line": 38, "column": 7 }
          }
        ]
      },
      "2": {
        "loc": {
          "start": { "line": 49, "column": 40 },
          "end": { "line": 49, "column": 17 }
        },
        "type": "cond-expr",
        "locations": [
          {
            "start": { "line": 49, "column": 40 },
            "end": { "line": 49, "column": 17 }
          },
          {
            "start": { "line": 49, "column": 63 },
            "end": { "line": 48, "column": 6 }
          }
        ]
      },
      "3": {
        "loc": {
          "start": { "line": 68, "column": 10 },
          "end": { "line": 67, "column": 19 }
        },
        "type": "cond-expr",
        "locations": [
          {
            "start": { "line": 68, "column": 10 },
            "end": { "line": 67, "column": 19 }
          },
          {
            "start": { "line": 69, "column": 10 },
            "end": { "line": 67, "column": 6 }
          }
        ]
      },
      "4": {
        "loc": {
          "start": { "line": 75, "column": 6 },
          "end": { "line": 77, "column": 7 }
        },
        "type": "if",
        "locations": [
          {
            "start": { "line": 75, "column": 6 },
            "end": { "line": 77, "column": 7 }
          },
          {
            "start": { "line": 75, "column": 6 },
            "end": { "line": 77, "column": 7 }
          }
        ]
      },
      "5": {
        "loc": {
          "start": { "line": 127, "column": 11 },
          "end": { "line": 128, "column": 11 }
        },
        "type": "binary-expr",
        "locations": [
          {
            "start": { "line": 127, "column": 11 },
            "end": { "line": 128, "column": 11 }
          },
          {
            "start": { "line": 128, "column": 12 },
            "end": { "line": null, "column": -1 }
          }
        ]
      }
    },
    "s": {
      "0": 0,
      "1": 0,
      "2": 0,
      "3": 0,
      "4": 0,
      "5": 0,
      "6": 0,
      "7": 0,
      "8": 0,
      "9": 0,
      "10": 0,
      "11": 0,
      "12": 0,
      "13": 0,
      "14": 0,
      "15": 0,
      "16": 0,
      "17": 0,
      "18": 0,
      "19": 0,
      "20": 0,
      "21": 0,
      "22": 0,
      "23": 0,
      "24": 0,
      "25": 0,
      "26": 0,
      "27": 0,
      "28": 0,
      "29": 0,
      "30": 0,
      "31": 0,
      "32": 0,
      "33": 0,
      "34": 0,
      "35": 0,
      "36": 0,
      "37": 0,
      "38": 0,
      "39": 0,
      "40": 0,
      "41": 0,
      "42": 0,
      "43": 0,
      "44": 0,
      "45": 0,
      "46": 0,
      "47": 0
    },
    "f": {
      "0": 0,
      "1": 0,
      "2": 0,
      "3": 0,
      "4": 0,
      "5": 0,
      "6": 0,
      "7": 0,
      "8": 0
    },
    "b": {
      "0": [0, 0],
      "1": [0, 0],
      "2": [0, 0],
      "3": [0, 0],
      "4": [0, 0],
      "5": [0, 0]
    }
  },
  "/Users/senai/Desktop/IAT_Gradebook/frontend/app/components/GradeTableList/index.js": {
    "path":
      "/Users/senai/Desktop/IAT_Gradebook/frontend/app/components/GradeTableList/index.js",
    "statementMap": {
      "0": {
        "start": { "line": 7, "column": 0 },
        "end": { "line": null, "column": -1 }
      },
      "1": {
        "start": { "line": 8, "column": 0 },
        "end": { "line": null, "column": -1 }
      },
      "2": {
        "start": { "line": 9, "column": 0 },
        "end": { "line": null, "column": -1 }
      },
      "3": {
        "start": { "line": 10, "column": 0 },
        "end": { "line": null, "column": -1 }
      },
      "4": {
        "start": { "line": 14, "column": 28 },
        "end": { "line": 13, "column": 28 }
      },
      "5": {
        "start": { "line": 15, "column": 4 },
        "end": { "line": null, "column": -1 }
      },
      "6": {
        "start": { "line": 15, "column": 27 },
        "end": { "line": null, "column": -1 }
      },
      "7": {
        "start": { "line": 24, "column": 4 },
        "end": { "line": null, "column": -1 }
      },
      "8": {
        "start": { "line": 28, "column": 0 },
        "end": { "line": null, "column": -1 }
      }
    },
    "fnMap": {
      "0": {
        "name": "(anonymous_10)",
        "decl": {
          "start": { "line": 15, "column": 27 },
          "end": { "line": 15, "column": 27 }
        },
        "loc": {
          "start": { "line": 15, "column": 27 },
          "end": { "line": 15, "column": 11 }
        }
      }
    },
    "branchMap": {},
    "s": {
      "0": 0,
      "1": 0,
      "2": 0,
      "3": 0,
      "4": 0,
      "5": 0,
      "6": 0,
      "7": 0,
      "8": 0
    },
    "f": { "0": 0 },
    "b": {}
  },
  "/Users/senai/Desktop/IAT_Gradebook/frontend/app/components/Icons/Logo/index.js": {
    "path":
      "/Users/senai/Desktop/IAT_Gradebook/frontend/app/components/Icons/Logo/index.js",
    "statementMap": {
      "0": {
        "start": { "line": 1, "column": 0 },
        "end": { "line": null, "column": -1 }
      },
      "1": {
        "start": { "line": 2, "column": 0 },
        "end": { "line": null, "column": -1 }
      },
      "2": {
        "start": { "line": 4, "column": 13 },
        "end": { "line": 4, "column": 0 }
      },
      "3": {
        "start": { "line": 4, "column": 13 },
        "end": { "line": 4, "column": 12 }
      },
      "4": {
        "start": { "line": 4, "column": 13 },
        "end": { "line": null, "column": -1 }
      }
    },
    "fnMap": {
      "0": {
        "name": "Logo",
        "decl": {
          "start": { "line": 4, "column": 6 },
          "end": { "line": 4, "column": 13 }
        },
        "loc": {
          "start": { "line": 4, "column": 13 },
          "end": { "line": 4, "column": 0 }
        }
      }
    },
    "branchMap": {
      "0": {
        "loc": {
          "start": { "line": 9, "column": 26 },
          "end": { "line": 9, "column": 15 }
        },
        "type": "cond-expr",
        "locations": [
          {
            "start": { "line": 9, "column": 26 },
            "end": { "line": 9, "column": 15 }
          },
          {
            "start": { "line": 9, "column": 45 },
            "end": { "line": 7, "column": 6 }
          }
        ]
      },
      "1": {
        "loc": {
          "start": { "line": 26, "column": 26 },
          "end": { "line": 26, "column": 15 }
        },
        "type": "cond-expr",
        "locations": [
          {
            "start": { "line": 26, "column": 26 },
            "end": { "line": 26, "column": 15 }
          },
          {
            "start": { "line": 26, "column": 45 },
            "end": { "line": 25, "column": 6 }
          }
        ]
      },
      "2": {
        "loc": {
          "start": { "line": 31, "column": 26 },
          "end": { "line": 31, "column": 15 }
        },
        "type": "cond-expr",
        "locations": [
          {
            "start": { "line": 31, "column": 26 },
            "end": { "line": 31, "column": 15 }
          },
          {
            "start": { "line": 31, "column": 45 },
            "end": { "line": 30, "column": 6 }
          }
        ]
      }
    },
    "s": { "0": 0, "1": 0, "2": 0, "3": 0, "4": 0 },
    "f": { "0": 0 },
    "b": { "0": [0, 0], "1": [0, 0], "2": [0, 0] }
  },
  "/Users/senai/Desktop/IAT_Gradebook/frontend/app/components/InputDecimalNumber/index.js": {
    "path":
      "/Users/senai/Desktop/IAT_Gradebook/frontend/app/components/InputDecimalNumber/index.js",
    "statementMap": {
      "0": {
        "start": { "line": 7, "column": 0 },
        "end": { "line": null, "column": -1 }
      },
      "1": {
        "start": { "line": 8, "column": 0 },
        "end": { "line": null, "column": -1 }
      },
      "2": {
        "start": { "line": 9, "column": 0 },
        "end": { "line": null, "column": -1 }
      },
      "3": {
        "start": { "line": 10, "column": 0 },
        "end": { "line": null, "column": -1 }
      },
      "4": {
        "start": { "line": 11, "column": 0 },
        "end": { "line": null, "column": -1 }
      },
      "5": {
        "start": { "line": 14, "column": 20 },
        "end": { "line": null, "column": -1 }
      },
      "6": {
        "start": { "line": 16, "column": 17 },
        "end": { "line": null, "column": -1 }
      },
      "7": {
        "start": { "line": 18, "column": 4 },
        "end": { "line": null, "column": -1 }
      },
      "8": {
        "start": { "line": 32, "column": 0 },
        "end": { "line": null, "column": -1 }
      },
      "9": {
        "start": { "line": 36, "column": 0 },
        "end": { "line": null, "column": -1 }
      }
    },
    "fnMap": {},
    "branchMap": {},
    "s": {
      "0": 0,
      "1": 0,
      "2": 0,
      "3": 0,
      "4": 0,
      "5": 0,
      "6": 0,
      "7": 0,
      "8": 0,
      "9": 0
    },
    "f": {},
    "b": {}
  },
  "/Users/senai/Desktop/IAT_Gradebook/frontend/app/components/LoadingCard/index.js": {
    "path":
      "/Users/senai/Desktop/IAT_Gradebook/frontend/app/components/LoadingCard/index.js",
    "statementMap": {
      "0": {
        "start": { "line": 12, "column": 20 },
        "end": { "line": 22, "column": 1 }
      },
      "1": {
        "start": { "line": 15, "column": 2 },
        "end": { "line": 21, "column": 9 }
      },
      "2": {
        "start": { "line": 24, "column": 0 },
        "end": { "line": 31, "column": 2 }
      }
    },
    "fnMap": {
      "0": {
        "name": "(anonymous_0)",
        "decl": {
          "start": { "line": 12, "column": 20 },
          "end": { "line": 12, "column": 21 }
        },
        "loc": {
          "start": { "line": 15, "column": 2 },
          "end": { "line": 21, "column": 9 }
        },
        "line": 15
      }
    },
    "branchMap": {
      "0": {
        "loc": {
          "start": { "line": 20, "column": 5 },
          "end": { "line": 20, "column": 28 }
        },
        "type": "cond-expr",
        "locations": [
          {
            "start": { "line": 20, "column": 15 },
            "end": { "line": 20, "column": 17 }
          },
          {
            "start": { "line": 20, "column": 20 },
            "end": { "line": 20, "column": 28 }
          }
        ],
        "line": 20
      }
    },
    "s": { "0": 1, "1": 0, "2": 1 },
    "f": { "0": 0 },
    "b": { "0": [0, 0] },
    "_coverageSchema": "332fd63041d2c1bcb487cc26dd0d5f7d97098a6c",
    "hash": "5894c81822d6a1bfb1c651d9df20f3ac533db0ac"
  },
  "/Users/senai/Desktop/IAT_Gradebook/frontend/app/components/LoadingCard/stories/DemoLoadingCard.js": {
    "path":
      "/Users/senai/Desktop/IAT_Gradebook/frontend/app/components/LoadingCard/stories/DemoLoadingCard.js",
    "statementMap": {
      "0": {
        "start": { "line": 1, "column": 0 },
        "end": { "line": null, "column": -1 }
      },
      "1": {
        "start": { "line": 2, "column": 0 },
        "end": { "line": null, "column": -1 }
      },
      "2": {
        "start": { "line": 3, "column": 0 },
        "end": { "line": null, "column": -1 }
      },
      "3": {
        "start": { "line": 11, "column": 4 },
        "end": { "line": null, "column": -1 }
      },
      "4": {
        "start": { "line": 16, "column": 24 },
        "end": { "line": 15, "column": 11 }
      },
      "5": {
        "start": { "line": 17, "column": 4 },
        "end": { "line": null, "column": -1 }
      }
    },
    "fnMap": {},
    "branchMap": {
      "0": {
        "loc": {
          "start": { "line": 23, "column": 21 },
          "end": { "line": 23, "column": 11 }
        },
        "type": "cond-expr",
        "locations": [
          {
            "start": { "line": 23, "column": 21 },
            "end": { "line": 23, "column": 11 }
          },
          {
            "start": { "line": 23, "column": 46 },
            "end": { "line": null, "column": -1 }
          }
        ]
      }
    },
    "s": { "0": 0, "1": 0, "2": 0, "3": 0, "4": 0, "5": 0 },
    "f": {},
    "b": { "0": [0, 0] }
  },
  "/Users/senai/Desktop/IAT_Gradebook/frontend/app/components/LoadingCard/stories/DemoLoadingCard.stories.js": {
    "path":
      "/Users/senai/Desktop/IAT_Gradebook/frontend/app/components/LoadingCard/stories/DemoLoadingCard.stories.js",
    "statementMap": {
      "0": {
        "start": { "line": 1, "column": 0 },
        "end": { "line": null, "column": -1 }
      },
      "1": {
        "start": { "line": 2, "column": 0 },
        "end": { "line": null, "column": -1 }
      },
      "2": {
        "start": { "line": 3, "column": 0 },
        "end": { "line": null, "column": -1 }
      },
      "3": {
        "start": { "line": 4, "column": 0 },
        "end": { "line": null, "column": -1 }
      },
      "4": {
        "start": { "line": 5, "column": 0 },
        "end": { "line": null, "column": -1 }
      },
      "5": {
        "start": { "line": 6, "column": 0 },
        "end": { "line": null, "column": -1 }
      },
      "6": {
        "start": { "line": 7, "column": 0 },
        "end": { "line": null, "column": -1 }
      },
      "7": {
        "start": { "line": 9, "column": 6 },
        "end": { "line": 9, "column": 0 }
      },
      "8": {
        "start": { "line": 47, "column": 0 },
        "end": { "line": null, "column": -1 }
      },
      "9": {
        "start": { "line": 49, "column": 36 },
        "end": { "line": null, "column": -1 }
      }
    },
    "fnMap": {
      "0": {
        "name": "(anonymous_1)",
        "decl": {
          "start": { "line": 49, "column": 36 },
          "end": { "line": null, "column": -1 }
        },
        "loc": {
          "start": { "line": 49, "column": 36 },
          "end": { "line": 49, "column": 2 }
        }
      }
    },
    "branchMap": {},
    "s": {
      "0": 0,
      "1": 0,
      "2": 0,
      "3": 0,
      "4": 0,
      "5": 0,
      "6": 0,
      "7": 0,
      "8": 0,
      "9": 0
    },
    "f": { "0": 0 },
    "b": {}
  },
  "/Users/senai/Desktop/IAT_Gradebook/frontend/app/components/LoadingFullPage/index.js": {
    "path":
      "/Users/senai/Desktop/IAT_Gradebook/frontend/app/components/LoadingFullPage/index.js",
    "statementMap": {
      "0": {
        "start": { "line": 7, "column": 0 },
        "end": { "line": null, "column": -1 }
      },
      "1": {
        "start": { "line": 8, "column": 0 },
        "end": { "line": null, "column": -1 }
      },
      "2": {
        "start": { "line": 9, "column": 0 },
        "end": { "line": null, "column": -1 }
      },
      "3": {
        "start": { "line": 11, "column": 24 },
        "end": { "line": 11, "column": 0 }
      },
      "4": {
        "start": { "line": 11, "column": 24 },
        "end": { "line": null, "column": -1 }
      }
    },
    "fnMap": {
      "0": {
        "name": "LoadingFullPage",
        "decl": {
          "start": { "line": 11, "column": 6 },
          "end": { "line": 11, "column": 24 }
        },
        "loc": {
          "start": { "line": 11, "column": 24 },
          "end": { "line": 11, "column": 0 }
        }
      }
    },
    "branchMap": {},
    "s": { "0": 0, "1": 0, "2": 0, "3": 0, "4": 0 },
    "f": { "0": 0 },
    "b": {}
  },
  "/Users/senai/Desktop/IAT_Gradebook/frontend/app/components/MarkInput/index.js": {
    "path":
      "/Users/senai/Desktop/IAT_Gradebook/frontend/app/components/MarkInput/index.js",
    "statementMap": {
      "0": {
        "start": { "line": 7, "column": 0 },
        "end": { "line": null, "column": -1 }
      },
      "1": {
        "start": { "line": 8, "column": 0 },
        "end": { "line": null, "column": -1 }
      },
      "2": {
        "start": { "line": 9, "column": 0 },
        "end": { "line": null, "column": -1 }
      },
      "3": {
        "start": { "line": 10, "column": 0 },
        "end": { "line": null, "column": -1 }
      },
      "4": {
        "start": { "line": 11, "column": 0 },
        "end": { "line": null, "column": -1 }
      },
      "5": {
        "start": { "line": 15, "column": 4 },
        "end": { "line": null, "column": -1 }
      },
      "6": {
        "start": { "line": 20, "column": 45 },
        "end": { "line": 20, "column": 44 }
      },
      "7": {
        "start": { "line": 21, "column": 4 },
        "end": { "line": null, "column": -1 }
      },
      "8": {
        "start": { "line": 24, "column": 49 },
        "end": { "line": 23, "column": 21 }
      },
      "9": {
        "start": { "line": 23, "column": 21 },
        "end": { "line": 23, "column": 20 }
      },
      "10": {
        "start": { "line": 25, "column": 15 },
        "end": { "line": 25, "column": 4 }
      },
      "11": {
        "start": { "line": 26, "column": 16 },
        "end": { "line": 26, "column": 4 }
      },
      "12": {
        "start": { "line": 27, "column": 4 },
        "end": { "line": null, "column": -1 }
      },
      "13": {
        "start": { "line": 29, "column": 8 },
        "end": { "line": null, "column": -1 }
      },
      "14": {
        "start": { "line": 30, "column": 8 },
        "end": { "line": null, "column": -1 }
      },
      "15": {
        "start": { "line": 31, "column": 8 },
        "end": { "line": null, "column": -1 }
      },
      "16": {
        "start": { "line": 33, "column": 8 },
        "end": { "line": null, "column": -1 }
      },
      "17": {
        "start": { "line": 34, "column": 8 },
        "end": { "line": null, "column": -1 }
      },
      "18": {
        "start": { "line": 35, "column": 8 },
        "end": { "line": null, "column": -1 }
      },
      "19": {
        "start": { "line": 37, "column": 8 },
        "end": { "line": null, "column": -1 }
      },
      "20": {
        "start": { "line": 38, "column": 8 },
        "end": { "line": null, "column": -1 }
      },
      "21": {
        "start": { "line": 40, "column": 4 },
        "end": { "line": 48, "column": 5 }
      },
      "22": {
        "start": { "line": 41, "column": 6 },
        "end": { "line": null, "column": -1 }
      },
      "23": {
        "start": { "line": 49, "column": 4 },
        "end": { "line": null, "column": -1 }
      },
      "24": {
        "start": { "line": 60, "column": 8 },
        "end": { "line": 51, "column": 11 }
      },
      "25": {
        "start": { "line": 51, "column": 11 },
        "end": { "line": 51, "column": 10 }
      },
      "26": {
        "start": { "line": 51, "column": 11 },
        "end": { "line": null, "column": -1 }
      },
      "27": {
        "start": { "line": 61, "column": 22 },
        "end": { "line": 51, "column": 11 }
      },
      "28": {
        "start": { "line": 63, "column": 4 },
        "end": { "line": null, "column": -1 }
      },
      "29": {
        "start": { "line": 93, "column": 0 },
        "end": { "line": null, "column": -1 }
      },
      "30": {
        "start": { "line": 103, "column": 0 },
        "end": { "line": null, "column": -1 }
      }
    },
    "fnMap": {
      "0": {
        "name": "onBlur",
        "decl": {
          "start": { "line": 94, "column": 10 },
          "end": { "line": 94, "column": 15 }
        },
        "loc": {
          "start": { "line": 94, "column": 16 },
          "end": { "line": 93, "column": 25 }
        }
      },
      "1": {
        "name": "onCheck",
        "decl": {
          "start": { "line": 95, "column": 11 },
          "end": { "line": 95, "column": 16 }
        },
        "loc": {
          "start": { "line": 95, "column": 17 },
          "end": { "line": 93, "column": 25 }
        }
      },
      "2": {
        "name": "onChange",
        "decl": {
          "start": { "line": 96, "column": 12 },
          "end": { "line": 96, "column": 17 }
        },
        "loc": {
          "start": { "line": 96, "column": 18 },
          "end": { "line": 93, "column": 25 }
        }
      }
    },
    "branchMap": {
      "0": {
        "loc": {
          "start": { "line": 28, "column": 6 },
          "end": { "line": 31, "column": 8 }
        },
        "type": "switch",
        "locations": [
          {
            "start": { "line": 28, "column": 6 },
            "end": { "line": 31, "column": 8 }
          },
          {
            "start": { "line": 32, "column": 6 },
            "end": { "line": 35, "column": 8 }
          },
          {
            "start": { "line": 36, "column": 6 },
            "end": { "line": 38, "column": 8 }
          }
        ]
      },
      "1": {
        "loc": {
          "start": { "line": 40, "column": 4 },
          "end": { "line": 48, "column": 5 }
        },
        "type": "if",
        "locations": [
          {
            "start": { "line": 40, "column": 4 },
            "end": { "line": 48, "column": 5 }
          },
          {
            "start": { "line": 40, "column": 4 },
            "end": { "line": 48, "column": 5 }
          }
        ]
      },
      "2": {
        "loc": {
          "start": { "line": 40, "column": 8 },
          "end": { "line": 40, "column": 22 }
        },
        "type": "binary-expr",
        "locations": [
          {
            "start": { "line": 40, "column": 8 },
            "end": { "line": 40, "column": 22 }
          },
          {
            "start": { "line": 40, "column": 23 },
            "end": { "line": 40, "column": 4 }
          }
        ]
      },
      "3": {
        "loc": {
          "start": { "line": 71, "column": 9 },
          "end": { "line": 71, "column": 8 }
        },
        "type": "binary-expr",
        "locations": [
          {
            "start": { "line": 71, "column": 9 },
            "end": { "line": 71, "column": 8 }
          },
          {
            "start": { "line": 72, "column": 10 },
            "end": { "line": 71, "column": 9 }
          },
          {
            "start": { "line": 73, "column": 12 },
            "end": { "line": 64, "column": 6 }
          }
        ]
      },
      "4": {
        "loc": {
          "start": { "line": 76, "column": 10 },
          "end": { "line": 75, "column": 9 }
        },
        "type": "cond-expr",
        "locations": [
          {
            "start": { "line": 76, "column": 10 },
            "end": { "line": 75, "column": 9 }
          },
          {
            "start": { "line": 78, "column": 10 },
            "end": { "line": 64, "column": 6 }
          }
        ]
      },
      "5": {
        "loc": {
          "start": { "line": 87, "column": 9 },
          "end": { "line": 87, "column": 19 }
        },
        "type": "binary-expr",
        "locations": [
          {
            "start": { "line": 87, "column": 9 },
            "end": { "line": 87, "column": 19 }
          },
          {
            "start": { "line": 87, "column": 20 },
            "end": { "line": null, "column": -1 }
          }
        ]
      }
    },
    "s": {
      "0": 0,
      "1": 0,
      "2": 0,
      "3": 0,
      "4": 0,
      "5": 0,
      "6": 0,
      "7": 0,
      "8": 0,
      "9": 0,
      "10": 0,
      "11": 0,
      "12": 0,
      "13": 0,
      "14": 0,
      "15": 0,
      "16": 0,
      "17": 0,
      "18": 0,
      "19": 0,
      "20": 0,
      "21": 0,
      "22": 0,
      "23": 0,
      "24": 0,
      "25": 0,
      "26": 0,
      "27": 0,
      "28": 0,
      "29": 0,
      "30": 0
    },
    "f": { "0": 0, "1": 0, "2": 0 },
    "b": {
      "0": [0, 0, 0],
      "1": [0, 0],
      "2": [0, 0],
      "3": [0, 0, 0],
      "4": [0, 0],
      "5": [0, 0]
    }
  },
  "/Users/senai/Desktop/IAT_Gradebook/frontend/app/components/ModalButton/index.js": {
    "path":
      "/Users/senai/Desktop/IAT_Gradebook/frontend/app/components/ModalButton/index.js",
    "statementMap": {
      "0": {
        "start": { "line": 7, "column": 0 },
        "end": { "line": null, "column": -1 }
      },
      "1": {
        "start": { "line": 8, "column": 0 },
        "end": { "line": null, "column": -1 }
      },
      "2": {
        "start": { "line": 9, "column": 0 },
        "end": { "line": null, "column": -1 }
      },
      "3": {
        "start": { "line": 11, "column": 0 },
        "end": { "line": null, "column": -1 }
      },
      "4": {
        "start": { "line": 15, "column": 4 },
        "end": { "line": null, "column": -1 }
      },
      "5": {
        "start": { "line": 18, "column": 4 },
        "end": { "line": null, "column": -1 }
      },
      "6": {
        "start": { "line": 29, "column": 8 },
        "end": { "line": 20, "column": 11 }
      },
      "7": {
        "start": { "line": 20, "column": 11 },
        "end": { "line": 20, "column": 10 }
      },
      "8": {
        "start": { "line": 20, "column": 11 },
        "end": { "line": null, "column": -1 }
      },
      "9": {
        "start": { "line": 30, "column": 4 },
        "end": { "line": null, "column": -1 }
      },
      "10": {
        "start": { "line": 50, "column": 0 },
        "end": { "line": null, "column": -1 }
      }
    },
    "fnMap": {},
    "branchMap": {
      "0": {
        "loc": {
          "start": { "line": 43, "column": 11 },
          "end": { "line": 43, "column": 21 }
        },
        "type": "binary-expr",
        "locations": [
          {
            "start": { "line": 43, "column": 11 },
            "end": { "line": 43, "column": 21 }
          },
          {
            "start": { "line": 43, "column": 22 },
            "end": { "line": 43, "column": 33 }
          }
        ]
      }
    },
    "s": {
      "0": 0,
      "1": 0,
      "2": 0,
      "3": 0,
      "4": 0,
      "5": 0,
      "6": 0,
      "7": 0,
      "8": 0,
      "9": 0,
      "10": 0
    },
    "f": {},
    "b": { "0": [0, 0] }
  },
  "/Users/senai/Desktop/IAT_Gradebook/frontend/app/components/SelectRoles/index.js": {
    "path":
      "/Users/senai/Desktop/IAT_Gradebook/frontend/app/components/SelectRoles/index.js",
    "statementMap": {
      "0": {
        "start": { "line": 7, "column": 0 },
        "end": { "line": null, "column": -1 }
      },
      "1": {
        "start": { "line": 8, "column": 0 },
        "end": { "line": null, "column": -1 }
      },
      "2": {
        "start": { "line": 9, "column": 0 },
        "end": { "line": null, "column": -1 }
      },
      "3": {
        "start": { "line": 10, "column": 0 },
        "end": { "line": null, "column": -1 }
      },
      "4": {
        "start": { "line": 16, "column": 21 },
        "end": { "line": 16, "column": 0 }
      },
      "5": {
        "start": { "line": 18, "column": 20 },
        "end": { "line": 18, "column": 0 }
      },
      "6": {
        "start": { "line": 18, "column": 20 },
        "end": { "line": null, "column": -1 }
      },
      "7": {
        "start": { "line": 28, "column": 0 },
        "end": { "line": null, "column": -1 }
      }
    },
    "fnMap": {
      "0": {
        "name": "SelectRoles",
        "decl": {
          "start": { "line": 18, "column": 6 },
          "end": { "line": 18, "column": 20 }
        },
        "loc": {
          "start": { "line": 18, "column": 20 },
          "end": { "line": 18, "column": 0 }
        }
      }
    },
    "branchMap": {},
    "s": { "0": 0, "1": 0, "2": 0, "3": 0, "4": 0, "5": 0, "6": 0, "7": 0 },
    "f": { "0": 0 },
    "b": {}
  },
  "/Users/senai/Desktop/IAT_Gradebook/frontend/app/components/UserForm/index.js": {
    "path":
      "/Users/senai/Desktop/IAT_Gradebook/frontend/app/components/UserForm/index.js",
    "statementMap": {
      "0": {
        "start": { "line": 7, "column": 0 },
        "end": { "line": null, "column": -1 }
      },
      "1": {
        "start": { "line": 8, "column": 0 },
        "end": { "line": null, "column": -1 }
      },
      "2": {
        "start": { "line": 9, "column": 0 },
        "end": { "line": null, "column": -1 }
      },
      "3": {
        "start": { "line": 10, "column": 0 },
        "end": { "line": null, "column": -1 }
      },
      "4": {
        "start": { "line": 11, "column": 0 },
        "end": { "line": null, "column": -1 }
      },
      "5": {
        "start": { "line": 13, "column": 17 },
        "end": { "line": 13, "column": 0 }
      },
      "6": {
        "start": { "line": 37, "column": 4 },
        "end": { "line": null, "column": -1 }
      },
      "7": {
        "start": { "line": 40, "column": 4 },
        "end": { "line": 42, "column": 5 }
      },
      "8": {
        "start": { "line": 41, "column": 6 },
        "end": { "line": null, "column": -1 }
      },
      "9": {
        "start": { "line": 43, "column": 21 },
        "end": { "line": 43, "column": 4 }
      },
      "10": {
        "start": { "line": 46, "column": 4 },
        "end": { "line": null, "column": -1 }
      },
      "11": {
        "start": { "line": 47, "column": 4 },
        "end": { "line": null, "column": -1 }
      },
      "12": {
        "start": { "line": 17, "column": 27 },
        "end": { "line": 16, "column": 22 }
      },
      "13": {
        "start": { "line": 16, "column": 22 },
        "end": { "line": 16, "column": 21 }
      },
      "14": {
        "start": { "line": 18, "column": 4 },
        "end": { "line": 25, "column": 5 }
      },
      "15": {
        "start": { "line": 19, "column": 39 },
        "end": { "line": 18, "column": 14 }
      },
      "16": {
        "start": { "line": 20, "column": 6 },
        "end": { "line": null, "column": -1 }
      },
      "17": {
        "start": { "line": 26, "column": 4 },
        "end": { "line": null, "column": -1 }
      },
      "18": {
        "start": { "line": 29, "column": 46 },
        "end": { "line": 28, "column": 17 }
      },
      "19": {
        "start": { "line": 28, "column": 17 },
        "end": { "line": 28, "column": 16 }
      },
      "20": {
        "start": { "line": 30, "column": 4 },
        "end": { "line": null, "column": -1 }
      },
      "21": {
        "start": { "line": 33, "column": 19 },
        "end": { "line": 33, "column": 4 }
      },
      "22": {
        "start": { "line": 34, "column": 4 },
        "end": { "line": null, "column": -1 }
      },
      "23": {
        "start": { "line": 34, "column": 36 },
        "end": { "line": null, "column": -1 }
      },
      "24": {
        "start": { "line": 49, "column": 11 },
        "end": { "line": null, "column": -1 }
      },
      "25": {
        "start": { "line": 50, "column": 34 },
        "end": { "line": 49, "column": 11 }
      },
      "26": {
        "start": { "line": 51, "column": 18 },
        "end": { "line": 51, "column": 4 }
      },
      "27": {
        "start": { "line": 52, "column": 24 },
        "end": { "line": 49, "column": 11 }
      },
      "28": {
        "start": { "line": 53, "column": 22 },
        "end": { "line": 53, "column": 4 }
      },
      "29": {
        "start": { "line": 54, "column": 23 },
        "end": { "line": 54, "column": 4 }
      },
      "30": {
        "start": { "line": 55, "column": 25 },
        "end": { "line": 55, "column": 4 }
      },
      "31": {
        "start": { "line": 56, "column": 26 },
        "end": { "line": 56, "column": 4 }
      },
      "32": {
        "start": { "line": 58, "column": 4 },
        "end": { "line": null, "column": -1 }
      },
      "33": {
        "start": { "line": 62, "column": 12 },
        "end": { "line": null, "column": -1 }
      },
      "34": {
        "start": { "line": 63, "column": 12 },
        "end": { "line": null, "column": -1 }
      },
      "35": {
        "start": { "line": 104, "column": 29 },
        "end": { "line": null, "column": -1 }
      },
      "36": {
        "start": { "line": 108, "column": 23 },
        "end": { "line": null, "column": -1 }
      },
      "37": {
        "start": { "line": 120, "column": 0 },
        "end": { "line": null, "column": -1 }
      },
      "38": {
        "start": { "line": 132, "column": 23 },
        "end": { "line": 132, "column": 0 }
      }
    },
    "fnMap": {
      "0": {
        "name": "(anonymous_15)",
        "decl": {
          "start": { "line": 34, "column": 36 },
          "end": { "line": 34, "column": 36 }
        },
        "loc": {
          "start": { "line": 34, "column": 36 },
          "end": { "line": 34, "column": 11 }
        }
      },
      "1": {
        "name": "onSubmit",
        "decl": {
          "start": { "line": 61, "column": 20 },
          "end": { "line": 61, "column": 20 }
        },
        "loc": {
          "start": { "line": 61, "column": 28 },
          "end": { "line": 60, "column": 8 }
        }
      },
      "2": {
        "name": "onClick",
        "decl": {
          "start": { "line": 104, "column": 29 },
          "end": { "line": null, "column": -1 }
        },
        "loc": {
          "start": { "line": 104, "column": 29 },
          "end": { "line": 104, "column": 12 }
        }
      },
      "3": {
        "name": "onClick",
        "decl": {
          "start": { "line": 108, "column": 23 },
          "end": { "line": null, "column": -1 }
        },
        "loc": {
          "start": { "line": 108, "column": 23 },
          "end": { "line": 105, "column": 12 }
        }
      }
    },
    "branchMap": {
      "0": {
        "loc": {
          "start": { "line": 40, "column": 4 },
          "end": { "line": 42, "column": 5 }
        },
        "type": "if",
        "locations": [
          {
            "start": { "line": 40, "column": 4 },
            "end": { "line": 42, "column": 5 }
          },
          {
            "start": { "line": 40, "column": 4 },
            "end": { "line": 42, "column": 5 }
          }
        ]
      },
      "1": {
        "loc": {
          "start": { "line": 43, "column": 21 },
          "end": { "line": 45, "column": 7 }
        },
        "type": "cond-expr",
        "locations": [
          {
            "start": { "line": 43, "column": 21 },
            "end": { "line": 45, "column": 7 }
          },
          {
            "start": { "line": 45, "column": 8 },
            "end": { "line": 43, "column": 4 }
          }
        ]
      },
      "2": {
        "loc": {
          "start": { "line": 18, "column": 4 },
          "end": { "line": 25, "column": 5 }
        },
        "type": "if",
        "locations": [
          {
            "start": { "line": 18, "column": 4 },
            "end": { "line": 25, "column": 5 }
          },
          {
            "start": { "line": 18, "column": 4 },
            "end": { "line": 25, "column": 5 }
          }
        ]
      },
      "3": {
        "loc": {
          "start": { "line": 30, "column": 11 },
          "end": { "line": 30, "column": 34 }
        },
        "type": "binary-expr",
        "locations": [
          {
            "start": { "line": 30, "column": 11 },
            "end": { "line": 30, "column": 34 }
          },
          {
            "start": { "line": 30, "column": 35 },
            "end": { "line": 30, "column": 4 }
          }
        ]
      },
      "4": {
        "loc": {
          "start": { "line": 69, "column": 40 },
          "end": { "line": 69, "column": 28 }
        },
        "type": "cond-expr",
        "locations": [
          {
            "start": { "line": 69, "column": 40 },
            "end": { "line": 69, "column": 28 }
          },
          {
            "start": { "line": 69, "column": 50 },
            "end": { "line": 67, "column": 10 }
          }
        ]
      },
      "5": {
        "loc": {
          "start": { "line": 70, "column": 18 },
          "end": { "line": 70, "column": 30 }
        },
        "type": "binary-expr",
        "locations": [
          {
            "start": { "line": 70, "column": 18 },
            "end": { "line": 70, "column": 30 }
          },
          {
            "start": { "line": 70, "column": 31 },
            "end": { "line": null, "column": -1 }
          }
        ]
      },
      "6": {
        "loc": {
          "start": { "line": 78, "column": 41 },
          "end": { "line": 78, "column": 28 }
        },
        "type": "cond-expr",
        "locations": [
          {
            "start": { "line": 78, "column": 41 },
            "end": { "line": 78, "column": 28 }
          },
          {
            "start": { "line": 78, "column": 51 },
            "end": { "line": 76, "column": 10 }
          }
        ]
      },
      "7": {
        "loc": {
          "start": { "line": 79, "column": 18 },
          "end": { "line": 79, "column": 31 }
        },
        "type": "binary-expr",
        "locations": [
          {
            "start": { "line": 79, "column": 18 },
            "end": { "line": 79, "column": 31 }
          },
          {
            "start": { "line": 79, "column": 32 },
            "end": { "line": null, "column": -1 }
          }
        ]
      },
      "8": {
        "loc": {
          "start": { "line": 87, "column": 43 },
          "end": { "line": 87, "column": 28 }
        },
        "type": "cond-expr",
        "locations": [
          {
            "start": { "line": 87, "column": 43 },
            "end": { "line": 87, "column": 28 }
          },
          {
            "start": { "line": 87, "column": 53 },
            "end": { "line": 85, "column": 10 }
          }
        ]
      },
      "9": {
        "loc": {
          "start": { "line": 88, "column": 18 },
          "end": { "line": 88, "column": 33 }
        },
        "type": "binary-expr",
        "locations": [
          {
            "start": { "line": 88, "column": 18 },
            "end": { "line": 88, "column": 33 }
          },
          {
            "start": { "line": 88, "column": 34 },
            "end": { "line": null, "column": -1 }
          }
        ]
      },
      "10": {
        "loc": {
          "start": { "line": 96, "column": 44 },
          "end": { "line": 96, "column": 28 }
        },
        "type": "cond-expr",
        "locations": [
          {
            "start": { "line": 96, "column": 44 },
            "end": { "line": 96, "column": 28 }
          },
          {
            "start": { "line": 96, "column": 54 },
            "end": { "line": 94, "column": 10 }
          }
        ]
      },
      "11": {
        "loc": {
          "start": { "line": 97, "column": 18 },
          "end": { "line": 97, "column": 34 }
        },
        "type": "binary-expr",
        "locations": [
          {
            "start": { "line": 97, "column": 18 },
            "end": { "line": 97, "column": 34 }
          },
          {
            "start": { "line": 97, "column": 35 },
            "end": { "line": null, "column": -1 }
          }
        ]
      },
      "12": {
        "loc": {
          "start": { "line": 111, "column": 33 },
          "end": { "line": 111, "column": 15 }
        },
        "type": "cond-expr",
        "locations": [
          {
            "start": { "line": 111, "column": 33 },
            "end": { "line": 111, "column": 15 }
          },
          {
            "start": { "line": 111, "column": 42 },
            "end": { "line": null, "column": -1 }
          }
        ]
      }
    },
    "s": {
      "0": 0,
      "1": 0,
      "2": 0,
      "3": 0,
      "4": 0,
      "5": 0,
      "6": 0,
      "7": 0,
      "8": 0,
      "9": 0,
      "10": 0,
      "11": 0,
      "12": 0,
      "13": 0,
      "14": 0,
      "15": 0,
      "16": 0,
      "17": 0,
      "18": 0,
      "19": 0,
      "20": 0,
      "21": 0,
      "22": 0,
      "23": 0,
      "24": 0,
      "25": 0,
      "26": 0,
      "27": 0,
      "28": 0,
      "29": 0,
      "30": 0,
      "31": 0,
      "32": 0,
      "33": 0,
      "34": 0,
      "35": 0,
      "36": 0,
      "37": 0,
      "38": 0
    },
    "f": { "0": 0, "1": 0, "2": 0, "3": 0 },
    "b": {
      "0": [0, 0],
      "1": [0, 0],
      "2": [0, 0],
      "3": [0, 0],
      "4": [0, 0],
      "5": [0, 0],
      "6": [0, 0],
      "7": [0, 0],
      "8": [0, 0],
      "9": [0, 0],
      "10": [0, 0],
      "11": [0, 0],
      "12": [0, 0]
    }
  },
  "/Users/senai/Desktop/IAT_Gradebook/frontend/app/components/UserList/index.js": {
    "path":
      "/Users/senai/Desktop/IAT_Gradebook/frontend/app/components/UserList/index.js",
    "statementMap": {
      "0": {
        "start": { "line": 7, "column": 0 },
        "end": { "line": null, "column": -1 }
      },
      "1": {
        "start": { "line": 8, "column": 0 },
        "end": { "line": null, "column": -1 }
      },
      "2": {
        "start": { "line": 9, "column": 0 },
        "end": { "line": null, "column": -1 }
      },
      "3": {
        "start": { "line": 11, "column": 19 },
        "end": { "line": 11, "column": 0 }
      },
      "4": {
        "start": { "line": 12, "column": 18 },
        "end": { "line": 12, "column": 2 }
      },
      "5": {
        "start": { "line": 34, "column": 2 },
        "end": { "line": 40, "column": 3 }
      },
      "6": {
        "start": { "line": 35, "column": 4 },
        "end": { "line": null, "column": -1 }
      },
      "7": {
        "start": { "line": 41, "column": 2 },
        "end": { "line": null, "column": -1 }
      },
      "8": {
        "start": { "line": 44, "column": 17 },
        "end": { "line": 44, "column": 0 }
      },
      "9": {
        "start": { "line": 44, "column": 46 },
        "end": { "line": 44, "column": 45 }
      },
      "10": {
        "start": { "line": 45, "column": 18 },
        "end": { "line": 45, "column": 2 }
      },
      "11": {
        "start": { "line": 46, "column": 2 },
        "end": { "line": null, "column": -1 }
      },
      "12": {
        "start": { "line": 53, "column": 16 },
        "end": { "line": null, "column": -1 }
      },
      "13": {
        "start": { "line": 59, "column": 0 },
        "end": { "line": null, "column": -1 }
      }
    },
    "fnMap": {
      "0": {
        "name": "getColumns",
        "decl": {
          "start": { "line": 11, "column": 6 },
          "end": { "line": 11, "column": 19 }
        },
        "loc": {
          "start": { "line": 11, "column": 37 },
          "end": { "line": 11, "column": 0 }
        }
      },
      "1": {
        "name": "UserList",
        "decl": {
          "start": { "line": 44, "column": 6 },
          "end": { "line": 44, "column": 17 }
        },
        "loc": {
          "start": { "line": 44, "column": 46 },
          "end": { "line": 44, "column": 0 }
        }
      },
      "2": {
        "name": "rowKey",
        "decl": {
          "start": { "line": 53, "column": 16 },
          "end": { "line": 53, "column": 16 }
        },
        "loc": {
          "start": { "line": 53, "column": 16 },
          "end": { "line": null, "column": -1 }
        }
      }
    },
    "branchMap": {
      "0": {
        "loc": {
          "start": { "line": 34, "column": 2 },
          "end": { "line": 40, "column": 3 }
        },
        "type": "if",
        "locations": [
          {
            "start": { "line": 34, "column": 2 },
            "end": { "line": 40, "column": 3 }
          },
          {
            "start": { "line": 34, "column": 2 },
            "end": { "line": 40, "column": 3 }
          }
        ]
      }
    },
    "s": {
      "0": 0,
      "1": 0,
      "2": 0,
      "3": 0,
      "4": 0,
      "5": 0,
      "6": 0,
      "7": 0,
      "8": 0,
      "9": 0,
      "10": 0,
      "11": 0,
      "12": 0,
      "13": 0
    },
    "f": { "0": 0, "1": 0, "2": 0 },
    "b": { "0": [0, 0] }
  },
  "/Users/senai/Desktop/IAT_Gradebook/frontend/app/containers/App/fileLoads.js": {
    "path":
      "/Users/senai/Desktop/IAT_Gradebook/frontend/app/containers/App/fileLoads.js",
    "statementMap": {
      "0": {
        "start": { "line": 2, "column": 0 },
        "end": { "line": null, "column": -1 }
      },
      "1": {
        "start": { "line": 3, "column": 0 },
        "end": { "line": null, "column": -1 }
      },
      "2": {
        "start": { "line": 4, "column": 0 },
        "end": { "line": null, "column": -1 }
      },
      "3": {
        "start": { "line": 5, "column": 0 },
        "end": { "line": null, "column": -1 }
      },
      "4": {
        "start": { "line": 6, "column": 0 },
        "end": { "line": null, "column": -1 }
      },
      "5": {
        "start": { "line": 7, "column": 0 },
        "end": { "line": null, "column": -1 }
      },
      "6": {
        "start": { "line": 8, "column": 0 },
        "end": { "line": null, "column": -1 }
      },
      "7": {
        "start": { "line": 9, "column": 0 },
        "end": { "line": null, "column": -1 }
      }
    },
    "fnMap": {},
    "branchMap": {},
    "s": { "0": 0, "1": 0, "2": 0, "3": 0, "4": 0, "5": 0, "6": 0, "7": 0 },
    "f": {},
    "b": {}
  },
  "/Users/senai/Desktop/IAT_Gradebook/frontend/app/containers/App/index.js": {
    "path":
      "/Users/senai/Desktop/IAT_Gradebook/frontend/app/containers/App/index.js",
    "statementMap": {
      "0": {
        "start": { "line": 1, "column": 0 },
        "end": { "line": null, "column": -1 }
      },
      "1": {
        "start": { "line": 2, "column": 0 },
        "end": { "line": null, "column": -1 }
      },
      "2": {
        "start": { "line": 3, "column": 0 },
        "end": { "line": null, "column": -1 }
      },
      "3": {
        "start": { "line": 5, "column": 0 },
        "end": { "line": null, "column": -1 }
      },
      "4": {
        "start": { "line": 6, "column": 0 },
        "end": { "line": null, "column": -1 }
      },
      "5": {
        "start": { "line": 7, "column": 0 },
        "end": { "line": null, "column": -1 }
      },
      "6": {
        "start": { "line": 8, "column": 0 },
        "end": { "line": null, "column": -1 }
      },
      "7": {
        "start": { "line": 9, "column": 0 },
        "end": { "line": null, "column": -1 }
      },
      "8": {
        "start": { "line": 10, "column": 0 },
        "end": { "line": null, "column": -1 }
      },
      "9": {
        "start": { "line": 11, "column": 0 },
        "end": { "line": null, "column": -1 }
      },
      "10": {
        "start": { "line": 12, "column": 0 },
        "end": { "line": null, "column": -1 }
      },
      "11": {
        "start": { "line": 13, "column": 0 },
        "end": { "line": null, "column": -1 }
      },
      "12": {
        "start": { "line": 14, "column": 0 },
        "end": { "line": null, "column": -1 }
      },
      "13": {
        "start": { "line": 15, "column": 0 },
        "end": { "line": null, "column": -1 }
      },
      "14": {
        "start": { "line": 16, "column": 0 },
        "end": { "line": null, "column": -1 }
      },
      "15": {
        "start": { "line": 17, "column": 0 },
        "end": { "line": null, "column": -1 }
      },
      "16": {
        "start": { "line": 18, "column": 0 },
        "end": { "line": null, "column": -1 }
      },
      "17": {
        "start": { "line": 20, "column": 12 },
        "end": { "line": 20, "column": 0 }
      },
      "18": {
        "start": { "line": 20, "column": 12 },
        "end": { "line": null, "column": -1 }
      },
      "19": {
        "start": { "line": 30, "column": 22 },
        "end": { "line": 30, "column": 0 }
      },
      "20": {
        "start": { "line": 34, "column": 25 },
        "end": { "line": 34, "column": 0 }
      },
      "21": {
        "start": { "line": 38, "column": 26 },
        "end": { "line": 38, "column": 0 }
      },
      "22": {
        "start": { "line": 42, "column": 29 },
        "end": { "line": 42, "column": 0 }
      }
    },
    "fnMap": {
      "0": {
        "name": "App",
        "decl": {
          "start": { "line": 20, "column": 6 },
          "end": { "line": 20, "column": 12 }
        },
        "loc": {
          "start": { "line": 20, "column": 12 },
          "end": { "line": 20, "column": 0 }
        }
      }
    },
    "branchMap": {},
    "s": {
      "0": 0,
      "1": 0,
      "2": 0,
      "3": 0,
      "4": 0,
      "5": 0,
      "6": 0,
      "7": 0,
      "8": 0,
      "9": 0,
      "10": 0,
      "11": 0,
      "12": 0,
      "13": 0,
      "14": 0,
      "15": 0,
      "16": 0,
      "17": 0,
      "18": 0,
      "19": 0,
      "20": 0,
      "21": 0,
      "22": 0
    },
    "f": { "0": 0 },
    "b": {}
  },
  "/Users/senai/Desktop/IAT_Gradebook/frontend/app/containers/App/reducer.js": {
    "path":
      "/Users/senai/Desktop/IAT_Gradebook/frontend/app/containers/App/reducer.js",
    "statementMap": {
      "0": {
        "start": { "line": 8, "column": 21 },
        "end": { "line": 12, "column": 2 }
      },
      "1": {
        "start": { "line": 15, "column": 19 },
        "end": { "line": 15, "column": 25 }
      },
      "2": {
        "start": { "line": 16, "column": 2 },
        "end": { "line": 25, "column": 3 }
      },
      "3": {
        "start": { "line": 18, "column": 6 },
        "end": { "line": 18, "column": 69 }
      },
      "4": {
        "start": { "line": 20, "column": 6 },
        "end": { "line": 20, "column": 46 }
      },
      "5": {
        "start": { "line": 22, "column": 6 },
        "end": { "line": 22, "column": 47 }
      },
      "6": {
        "start": { "line": 24, "column": 6 },
        "end": { "line": 24, "column": 19 }
      }
    },
    "fnMap": {
      "0": {
        "name": "appReducer",
        "decl": {
          "start": { "line": 14, "column": 9 },
          "end": { "line": 14, "column": 19 }
        },
        "loc": {
          "start": { "line": 14, "column": 50 },
          "end": { "line": 26, "column": 1 }
        },
        "line": 14
      }
    },
    "branchMap": {
      "0": {
        "loc": {
          "start": { "line": 14, "column": 20 },
          "end": { "line": 14, "column": 40 }
        },
        "type": "default-arg",
        "locations": [
          {
            "start": { "line": 14, "column": 28 },
            "end": { "line": 14, "column": 40 }
          }
        ],
        "line": 14
      },
      "1": {
        "loc": {
          "start": { "line": 16, "column": 2 },
          "end": { "line": 25, "column": 3 }
        },
        "type": "switch",
        "locations": [
          {
            "start": { "line": 17, "column": 4 },
            "end": { "line": 18, "column": 69 }
          },
          {
            "start": { "line": 19, "column": 4 },
            "end": { "line": 20, "column": 46 }
          },
          {
            "start": { "line": 21, "column": 4 },
            "end": { "line": 22, "column": 47 }
          },
          {
            "start": { "line": 23, "column": 4 },
            "end": { "line": 24, "column": 19 }
          }
        ],
        "line": 16
      }
    },
    "s": { "0": 1, "1": 0, "2": 0, "3": 0, "4": 0, "5": 0, "6": 0 },
    "f": { "0": 0 },
    "b": { "0": [0], "1": [0, 0, 0, 0] },
    "_coverageSchema": "332fd63041d2c1bcb487cc26dd0d5f7d97098a6c",
    "hash": "dd2e79ecc7598b1b61a8e2854accbebd237d6acb"
  },
  "/Users/senai/Desktop/IAT_Gradebook/frontend/app/containers/App/selectors.js": {
    "path":
      "/Users/senai/Desktop/IAT_Gradebook/frontend/app/containers/App/selectors.js",
    "statementMap": {
      "0": {
        "start": { "line": 1, "column": 0 },
        "end": { "line": null, "column": -1 }
      },
      "1": {
        "start": { "line": 3, "column": 13 },
        "end": { "line": 3, "column": 7 }
      },
      "2": {
        "start": { "line": 3, "column": 28 },
        "end": { "line": null, "column": -1 }
      },
      "3": {
        "start": { "line": 4, "column": 13 },
        "end": { "line": 4, "column": 7 }
      },
      "4": {
        "start": { "line": 4, "column": 28 },
        "end": { "line": null, "column": -1 }
      },
      "5": {
        "start": { "line": 5, "column": 13 },
        "end": { "line": 5, "column": 7 }
      },
      "6": {
        "start": { "line": 5, "column": 34 },
        "end": { "line": null, "column": -1 }
      },
      "7": {
        "start": { "line": 6, "column": 31 },
        "end": { "line": null, "column": -1 }
      }
    },
    "fnMap": {
      "0": {
        "name": "selectGlobal",
        "decl": {
          "start": { "line": 3, "column": 13 },
          "end": { "line": 3, "column": 28 }
        },
        "loc": {
          "start": { "line": 3, "column": 28 },
          "end": { "line": 3, "column": 7 }
        }
      },
      "1": {
        "name": "selectRouter",
        "decl": {
          "start": { "line": 4, "column": 13 },
          "end": { "line": 4, "column": 28 }
        },
        "loc": {
          "start": { "line": 4, "column": 28 },
          "end": { "line": 4, "column": 7 }
        }
      },
      "2": {
        "name": "makeSelectLocation",
        "decl": {
          "start": { "line": 5, "column": 13 },
          "end": { "line": 5, "column": 34 }
        },
        "loc": {
          "start": { "line": 5, "column": 34 },
          "end": { "line": 5, "column": 7 }
        }
      },
      "3": {
        "name": "(anonymous_3)",
        "decl": {
          "start": { "line": 6, "column": 31 },
          "end": { "line": 6, "column": 31 }
        },
        "loc": {
          "start": { "line": 6, "column": 31 },
          "end": { "line": 6, "column": 2 }
        }
      }
    },
    "branchMap": {},
    "s": { "0": 0, "1": 0, "2": 0, "3": 0, "4": 0, "5": 0, "6": 0, "7": 0 },
    "f": { "0": 0, "1": 0, "2": 0, "3": 0 },
    "b": {}
  },
  "/Users/senai/Desktop/IAT_Gradebook/frontend/app/containers/CourseClassListContainer/actions.js": {
    "path":
      "/Users/senai/Desktop/IAT_Gradebook/frontend/app/containers/CourseClassListContainer/actions.js",
    "statementMap": {
      "0": {
        "start": { "line": 11, "column": 2 },
        "end": { "line": 14, "column": 4 }
      },
      "1": {
        "start": { "line": 18, "column": 2 },
        "end": { "line": 24, "column": 4 }
      },
      "2": {
        "start": { "line": 28, "column": 2 },
        "end": { "line": 31, "column": 4 }
      },
      "3": {
        "start": { "line": 36, "column": 2 },
        "end": { "line": 39, "column": 4 }
      }
    },
    "fnMap": {
      "0": {
        "name": "loadCourseClass",
        "decl": {
          "start": { "line": 10, "column": 16 },
          "end": { "line": 10, "column": 31 }
        },
        "loc": {
          "start": { "line": 10, "column": 40 },
          "end": { "line": 15, "column": 1 }
        },
        "line": 10
      },
      "1": {
        "name": "courseClassLoaded",
        "decl": {
          "start": { "line": 17, "column": 16 },
          "end": { "line": 17, "column": 33 }
        },
        "loc": {
          "start": { "line": 17, "column": 74 },
          "end": { "line": 25, "column": 1 }
        },
        "line": 17
      },
      "2": {
        "name": "loadCourseClassError",
        "decl": {
          "start": { "line": 27, "column": 16 },
          "end": { "line": 27, "column": 36 }
        },
        "loc": {
          "start": { "line": 27, "column": 44 },
          "end": { "line": 32, "column": 1 }
        },
        "line": 27
      },
      "3": {
        "name": "loadCourseClassSilently",
        "decl": {
          "start": { "line": 35, "column": 16 },
          "end": { "line": 35, "column": 39 }
        },
        "loc": {
          "start": { "line": 35, "column": 48 },
          "end": { "line": 40, "column": 1 }
        },
        "line": 35
      }
    },
    "branchMap": {},
    "s": { "0": 0, "1": 0, "2": 0, "3": 0 },
    "f": { "0": 0, "1": 0, "2": 0, "3": 0 },
    "b": {},
    "_coverageSchema": "332fd63041d2c1bcb487cc26dd0d5f7d97098a6c",
    "hash": "89a591afd37c7af58da88f553ac114ba0e8da483"
  },
  "/Users/senai/Desktop/IAT_Gradebook/frontend/app/containers/CourseClassListContainer/constants.js": {
    "path":
      "/Users/senai/Desktop/IAT_Gradebook/frontend/app/containers/CourseClassListContainer/constants.js",
    "statementMap": {
      "0": {
        "start": { "line": 2, "column": 2 },
        "end": { "line": 2, "column": 42 }
      },
      "1": {
        "start": { "line": 3, "column": 33 },
        "end": { "line": 3, "column": 64 }
      },
      "2": {
        "start": { "line": 5, "column": 2 },
        "end": { "line": 5, "column": 41 }
      },
      "3": {
        "start": { "line": 6, "column": 39 },
        "end": { "line": 6, "column": 76 }
      }
    },
    "fnMap": {},
    "branchMap": {},
    "s": { "0": 1, "1": 1, "2": 1, "3": 1 },
    "f": {},
    "b": {},
    "_coverageSchema": "332fd63041d2c1bcb487cc26dd0d5f7d97098a6c",
    "hash": "a0dabc8e51572c49b3f960c337f4996750a78846"
  },
  "/Users/senai/Desktop/IAT_Gradebook/frontend/app/containers/CourseClassListContainer/index.js": {
    "path":
      "/Users/senai/Desktop/IAT_Gradebook/frontend/app/containers/CourseClassListContainer/index.js",
    "statementMap": {
      "0": {
        "start": { "line": 35, "column": 35 },
        "end": { "line": 35, "column": 45 }
      },
      "1": {
        "start": { "line": 36, "column": 4 },
        "end": { "line": 36, "column": 45 }
      },
      "2": {
        "start": { "line": 39, "column": 22 },
        "end": { "line": 39, "column": 32 }
      },
      "3": {
        "start": { "line": 40, "column": 4 },
        "end": { "line": 42, "column": 5 }
      },
      "4": {
        "start": { "line": 41, "column": 6 },
        "end": { "line": 41, "column": 58 }
      },
      "5": {
        "start": { "line": 45, "column": 4 },
        "end": { "line": 47, "column": 7 }
      },
      "6": {
        "start": { "line": 48, "column": 22 },
        "end": { "line": 48, "column": 32 }
      },
      "7": {
        "start": { "line": 49, "column": 4 },
        "end": { "line": 49, "column": 45 }
      },
      "8": {
        "start": { "line": 51, "column": 31 },
        "end": { "line": 51, "column": 49 }
      },
      "9": {
        "start": { "line": 53, "column": 19 },
        "end": { "line": 53, "column": 46 }
      },
      "10": {
        "start": { "line": 54, "column": 4 },
        "end": { "line": 57, "column": 7 }
      },
      "11": {
        "start": { "line": 66, "column": 8 },
        "end": { "line": 66, "column": 18 }
      },
      "12": {
        "start": { "line": 67, "column": 28 },
        "end": { "line": 67, "column": 38 }
      },
      "13": {
        "start": { "line": 68, "column": 4 },
        "end": { "line": 82, "column": 6 }
      },
      "14": {
        "start": { "line": 86, "column": 0 },
        "end": { "line": 88, "column": 2 }
      },
      "15": {
        "start": { "line": 90, "column": 0 },
        "end": { "line": 98, "column": 2 }
      },
      "16": {
        "start": { "line": 100, "column": 24 },
        "end": { "line": 106, "column": 2 }
      },
      "17": {
        "start": { "line": 108, "column": 27 },
        "end": { "line": 110, "column": 2 }
      },
      "18": {
        "start": { "line": 108, "column": 42 },
        "end": { "line": 110, "column": 1 }
      },
      "19": {
        "start": { "line": 109, "column": 31 },
        "end": { "line": 109, "column": 64 }
      },
      "20": {
        "start": { "line": 112, "column": 20 },
        "end": { "line": 112, "column": 64 }
      },
      "21": {
        "start": { "line": 113, "column": 20 },
        "end": { "line": 113, "column": 66 }
      },
      "22": {
        "start": { "line": 114, "column": 17 },
        "end": { "line": 114, "column": 57 }
      }
    },
    "fnMap": {
      "0": {
        "name": "(anonymous_0)",
        "decl": {
          "start": { "line": 34, "column": 2 },
          "end": { "line": 34, "column": 3 }
        },
        "loc": {
          "start": { "line": 34, "column": 22 },
          "end": { "line": 37, "column": 3 }
        },
        "line": 34
      },
      "1": {
        "name": "(anonymous_1)",
        "decl": {
          "start": { "line": 38, "column": 2 },
          "end": { "line": 38, "column": 3 }
        },
        "loc": {
          "start": { "line": 38, "column": 23 },
          "end": { "line": 43, "column": 3 }
        },
        "line": 38
      },
      "2": {
        "name": "(anonymous_2)",
        "decl": {
          "start": { "line": 44, "column": 17 },
          "end": { "line": 44, "column": 18 }
        },
        "loc": {
          "start": { "line": 44, "column": 34 },
          "end": { "line": 50, "column": 3 }
        },
        "line": 44
      },
      "3": {
        "name": "(anonymous_3)",
        "decl": {
          "start": { "line": 51, "column": 14 },
          "end": { "line": 51, "column": 15 }
        },
        "loc": {
          "start": { "line": 51, "column": 31 },
          "end": { "line": 51, "column": 49 }
        },
        "line": 51
      },
      "4": {
        "name": "(anonymous_4)",
        "decl": {
          "start": { "line": 52, "column": 20 },
          "end": { "line": 52, "column": 21 }
        },
        "loc": {
          "start": { "line": 52, "column": 37 },
          "end": { "line": 58, "column": 3 }
        },
        "line": 52
      },
      "5": {
        "name": "(anonymous_5)",
        "decl": {
          "start": { "line": 59, "column": 2 },
          "end": { "line": 59, "column": 3 }
        },
        "loc": {
          "start": { "line": 59, "column": 11 },
          "end": { "line": 83, "column": 3 }
        },
        "line": 59
      },
      "6": {
        "name": "(anonymous_6)",
        "decl": {
          "start": { "line": 108, "column": 27 },
          "end": { "line": 108, "column": 28 }
        },
        "loc": {
          "start": { "line": 108, "column": 42 },
          "end": { "line": 110, "column": 1 }
        },
        "line": 108
      },
      "7": {
        "name": "(anonymous_7)",
        "decl": {
          "start": { "line": 109, "column": 19 },
          "end": { "line": 109, "column": 20 }
        },
        "loc": {
          "start": { "line": 109, "column": 31 },
          "end": { "line": 109, "column": 64 }
        },
        "line": 109
      }
    },
    "branchMap": {
      "0": {
        "loc": {
          "start": { "line": 40, "column": 4 },
          "end": { "line": 42, "column": 5 }
        },
        "type": "if",
        "locations": [
          {
            "start": { "line": 40, "column": 4 },
            "end": { "line": 42, "column": 5 }
          },
          {
            "start": { "line": 40, "column": 4 },
            "end": { "line": 42, "column": 5 }
          }
        ],
        "line": 40
[...]
      },
      "3": {
        "start": { "line": 18, "column": 24 },
        "end": { "line": 27, "column": 1 }
      },
      "4": {
        "start": { "line": 19, "column": 16 },
        "end": { "line": 22, "column": 3 }
      },
      "5": {
        "start": { "line": 21, "column": 20 },
        "end": { "line": 21, "column": 65 }
      },
      "6": {
        "start": { "line": 23, "column": 2 },
        "end": { "line": 26, "column": 4 }
      },
      "7": {
        "start": { "line": 30, "column": 2 },
        "end": { "line": 62, "column": 4 }
      },
      "8": {
        "start": { "line": 31, "column": 4 },
        "end": { "line": 31, "column": 36 }
      },
      "9": {
        "start": { "line": 31, "column": 18 },
        "end": { "line": 31, "column": 36 }
      },
      "10": {
        "start": { "line": 33, "column": 26 },
        "end": { "line": 36, "column": 5 }
      },
      "11": {
        "start": { "line": 37, "column": 27 },
        "end": { "line": 37, "column": 40 }
      },
      "12": {
        "start": { "line": 39, "column": 4 },
        "end": { "line": 39, "column": 18 }
      },
      "13": {
        "start": { "line": 40, "column": 4 },
        "end": { "line": 40, "column": 35 }
      },
      "14": {
        "start": { "line": 42, "column": 18 },
        "end": { "line": 42, "column": 55 }
      },
      "15": {
        "start": { "line": 44, "column": 4 },
        "end": { "line": 51, "column": 5 }
      },
      "16": {
        "start": { "line": 45, "column": 28 },
        "end": { "line": 45, "column": 52 }
      },
      "17": {
        "start": { "line": 47, "column": 6 },
        "end": { "line": 50, "column": 7 }
      },
      "18": {
        "start": { "line": 48, "column": 8 },
        "end": { "line": 48, "column": 36 }
      },
      "19": {
        "start": { "line": 49, "column": 8 },
        "end": { "line": 49, "column": 24 }
      },
      "20": {
        "start": { "line": 53, "column": 4 },
        "end": { "line": 61, "column": 5 }
      },
      "21": {
        "start": { "line": 57, "column": 6 },
        "end": { "line": 60, "column": 8 }
      },
      "22": {
        "start": { "line": 66, "column": 2 },
        "end": { "line": 82, "column": 4 }
      },
      "23": {
        "start": { "line": 67, "column": 4 },
        "end": { "line": 67, "column": 36 }
      },
      "24": {
        "start": { "line": 67, "column": 18 },
        "end": { "line": 67, "column": 36 }
      },
      "25": {
        "start": { "line": 69, "column": 4 },
        "end": { "line": 69, "column": 18 }
      },
      "26": {
        "start": { "line": 71, "column": 4 },
        "end": { "line": 81, "column": 5 }
      },
      "27": {
        "start": { "line": 72, "column": 25 },
        "end": { "line": 72, "column": 49 }
      },
      "28": {
        "start": { "line": 73, "column": 6 },
        "end": { "line": 80, "column": 7 }
      },
      "29": {
        "start": { "line": 74, "column": 8 },
        "end": { "line": 74, "column": 33 }
      },
      "30": {
        "start": { "line": 76, "column": 8 },
        "end": { "line": 79, "column": 9 }
      },
      "31": {
        "start": { "line": 78, "column": 10 },
        "end": { "line": 78, "column": 44 }
      },
      "32": {
        "start": { "line": 86, "column": 2 },
        "end": { "line": 86, "column": 20 }
      },
      "33": {
        "start": { "line": 88, "column": 2 },
        "end": { "line": 91, "column": 4 }
      }
    },
    "fnMap": {
      "0": {
        "name": "(anonymous_0)",
        "decl": {
          "start": { "line": 12, "column": 17 },
          "end": { "line": 12, "column": 18 }
        },
        "loc": {
          "start": { "line": 13, "column": 2 },
          "end": { "line": 16, "column": 3 }
        },
        "line": 13
      },
      "1": {
        "name": "(anonymous_1)",
        "decl": {
          "start": { "line": 18, "column": 24 },
          "end": { "line": 18, "column": 25 }
        },
        "loc": {
          "start": { "line": 18, "column": 40 },
          "end": { "line": 27, "column": 1 }
        },
        "line": 18
      },
      "2": {
        "name": "(anonymous_2)",
        "decl": {
          "start": { "line": 21, "column": 10 },
          "end": { "line": 21, "column": 11 }
        },
        "loc": {
          "start": { "line": 21, "column": 20 },
          "end": { "line": 21, "column": 65 }
        },
        "line": 21
      },
      "3": {
        "name": "injectSagaFactory",
        "decl": {
          "start": { "line": 29, "column": 16 },
          "end": { "line": 29, "column": 33 }
        },
        "loc": {
          "start": { "line": 29, "column": 50 },
          "end": { "line": 63, "column": 1 }
        },
        "line": 29
      },
      "4": {
        "name": "injectSaga",
        "decl": {
          "start": { "line": 30, "column": 18 },
          "end": { "line": 30, "column": 28 }
        },
        "loc": {
          "start": { "line": 30, "column": 57 },
          "end": { "line": 62, "column": 3 }
        },
        "line": 30
      },
      "5": {
        "name": "ejectSagaFactory",
        "decl": {
          "start": { "line": 65, "column": 16 },
          "end": { "line": 65, "column": 32 }
        },
        "loc": {
          "start": { "line": 65, "column": 49 },
          "end": { "line": 83, "column": 1 }
        },
        "line": 65
      },
      "6": {
        "name": "ejectSaga",
        "decl": {
          "start": { "line": 66, "column": 18 },
          "end": { "line": 66, "column": 27 }
        },
        "loc": {
          "start": { "line": 66, "column": 33 },
          "end": { "line": 82, "column": 3 }
        },
        "line": 66
      },
      "7": {
        "name": "getInjectors",
        "decl": {
          "start": { "line": 85, "column": 24 },
          "end": { "line": 85, "column": 36 }
        },
        "loc": {
          "start": { "line": 85, "column": 44 },
          "end": { "line": 92, "column": 1 }
        },
        "line": 85
      }
    },
    "branchMap": {
      "0": {
        "loc": {
          "start": { "line": 14, "column": 4 },
          "end": { "line": 14, "column": 34 }
        },
        "type": "binary-expr",
        "locations": [
          {
            "start": { "line": 14, "column": 4 },
            "end": { "line": 14, "column": 17 }
          },
          {
            "start": { "line": 14, "column": 21 },
            "end": { "line": 14, "column": 34 }
          }
        ],
        "line": 14
      },
      "1": {
        "loc": {
          "start": { "line": 21, "column": 20 },
          "end": { "line": 21, "column": 65 }
        },
        "type": "binary-expr",
        "locations": [
          {
            "start": { "line": 21, "column": 20 },
            "end": { "line": 21, "column": 34 }
          },
          {
            "start": { "line": 21, "column": 38 },
            "end": { "line": 21, "column": 65 }
          }
        ],
        "line": 21
      },
      "2": {
        "loc": {
          "start": { "line": 30, "column": 34 },
          "end": { "line": 30, "column": 49 }
        },
        "type": "default-arg",
        "locations": [
          {
            "start": { "line": 30, "column": 47 },
            "end": { "line": 30, "column": 49 }
          }
        ],
        "line": 30
      },
      "3": {
        "loc": {
          "start": { "line": 31, "column": 4 },
          "end": { "line": 31, "column": 36 }
        },
        "type": "if",
        "locations": [
          {
            "start": { "line": 31, "column": 4 },
            "end": { "line": 31, "column": 36 }
          },
          {
            "start": { "line": 31, "column": 4 },
            "end": { "line": 31, "column": 36 }
          }
        ],
        "line": 31
      },
      "4": {
        "loc": {
          "start": { "line": 35, "column": 12 },
          "end": { "line": 35, "column": 49 }
        },
        "type": "binary-expr",
        "locations": [
          {
            "start": { "line": 35, "column": 12 },
            "end": { "line": 35, "column": 27 }
          },
          {
            "start": { "line": 35, "column": 31 },
            "end": { "line": 35, "column": 49 }
          }
        ],
        "line": 35
      },
      "5": {
        "loc": {
          "start": { "line": 44, "column": 4 },
          "end": { "line": 51, "column": 5 }
        },
        "type": "if",
        "locations": [
          {
            "start": { "line": 44, "column": 4 },
            "end": { "line": 51, "column": 5 }
          },
          {
            "start": { "line": 44, "column": 4 },
            "end": { "line": 51, "column": 5 }
          }
        ],
        "line": 44
      },
      "6": {
        "loc": {
          "start": { "line": 47, "column": 6 },
          "end": { "line": 50, "column": 7 }
        },
        "type": "if",
        "locations": [
          {
            "start": { "line": 47, "column": 6 },
            "end": { "line": 50, "column": 7 }
          },
          {
            "start": { "line": 47, "column": 6 },
            "end": { "line": 50, "column": 7 }
          }
        ],
        "line": 47
      },
      "7": {
        "loc": {
          "start": { "line": 47, "column": 10 },
          "end": { "line": 47, "column": 48 }
        },
        "type": "binary-expr",
        "locations": [
          {
            "start": { "line": 47, "column": 10 },
            "end": { "line": 47, "column": 17 }
          },
          {
            "start": { "line": 47, "column": 21 },
            "end": { "line": 47, "column": 48 }
          }
        ],
        "line": 47
      },
      "8": {
        "loc": {
          "start": { "line": 53, "column": 4 },
          "end": { "line": 61, "column": 5 }
        },
        "type": "if",
        "locations": [
          {
            "start": { "line": 53, "column": 4 },
            "end": { "line": 61, "column": 5 }
          },
          {
            "start": { "line": 53, "column": 4 },
            "end": { "line": 61, "column": 5 }
          }
        ],
        "line": 53
      },
      "9": {
        "loc": {
          "start": { "line": 54, "column": 6 },
          "end": { "line": 55, "column": 64 }
        },
        "type": "binary-expr",
        "locations": [
          {
            "start": { "line": 54, "column": 6 },
            "end": { "line": 54, "column": 14 }
          },
          {
            "start": { "line": 55, "column": 7 },
            "end": { "line": 55, "column": 14 }
          },
          {
            "start": { "line": 55, "column": 18 },
            "end": { "line": 55, "column": 33 }
          },
          {
            "start": { "line": 55, "column": 37 },
            "end": { "line": 55, "column": 63 }
          }
        ],
        "line": 54
      },
      "10": {
        "loc": {
          "start": { "line": 67, "column": 4 },
          "end": { "line": 67, "column": 36 }
        },
        "type": "if",
        "locations": [
          {
            "start": { "line": 67, "column": 4 },
            "end": { "line": 67, "column": 36 }
          },
          {
            "start": { "line": 67, "column": 4 },
            "end": { "line": 67, "column": 36 }
          }
        ],
        "line": 67
      },
      "11": {
        "loc": {
          "start": { "line": 71, "column": 4 },
          "end": { "line": 81, "column": 5 }
        },
        "type": "if",
        "locations": [
          {
            "start": { "line": 71, "column": 4 },
            "end": { "line": 81, "column": 5 }
          },
          {
            "start": { "line": 71, "column": 4 },
            "end": { "line": 81, "column": 5 }
          }
        ],
        "line": 71
      },
      "12": {
        "loc": {
          "start": { "line": 73, "column": 6 },
          "end": { "line": 80, "column": 7 }
        },
        "type": "if",
        "locations": [
          {
            "start": { "line": 73, "column": 6 },
            "end": { "line": 80, "column": 7 }
          },
          {
            "start": { "line": 73, "column": 6 },
            "end": { "line": 80, "column": 7 }
          }
        ],
        "line": 73
      },
      "13": {
        "loc": {
          "start": { "line": 76, "column": 8 },
          "end": { "line": 79, "column": 9 }
        },
        "type": "if",
        "locations": [
          {
            "start": { "line": 76, "column": 8 },
            "end": { "line": 79, "column": 9 }
          },
          {
            "start": { "line": 76, "column": 8 },
            "end": { "line": 79, "column": 9 }
          }
        ],
        "line": 76
      }
    },
    "s": {
      "0": 1,
      "1": 1,
      "2": 0,
      "3": 1,
      "4": 0,
      "5": 0,
      "6": 0,
      "7": 0,
      "8": 0,
      "9": 0,
      "10": 0,
      "11": 0,
      "12": 0,
      "13": 0,
      "14": 0,
      "15": 0,
      "16": 0,
      "17": 0,
      "18": 0,
      "19": 0,
      "20": 0,
      "21": 0,
      "22": 0,
      "23": 0,
      "24": 0,
      "25": 0,
      "26": 0,
      "27": 0,
      "28": 0,
      "29": 0,
      "30": 0,
      "31": 0,
      "32": 0,
      "33": 0
    },
    "f": { "0": 0, "1": 0, "2": 0, "3": 0, "4": 0, "5": 0, "6": 0, "7": 0 },
    "b": {
      "0": [0, 0],
      "1": [0, 0],
      "2": [0],
      "3": [0, 0],
      "4": [0, 0],
      "5": [0, 0],
      "6": [0, 0],
      "7": [0, 0],
      "8": [0, 0],
      "9": [0, 0, 0, 0],
      "10": [0, 0],
      "11": [0, 0],
      "12": [0, 0],
      "13": [0, 0]
    },
    "_coverageSchema": "332fd63041d2c1bcb487cc26dd0d5f7d97098a6c",
    "hash": "c465b183cb3ca19bffa85b869c56e2193ec655fb"
  },
  "/Users/senai/Desktop/IAT_Gradebook/frontend/app/utils/transformObjectToArray.js": {
    "path":
      "/Users/senai/Desktop/IAT_Gradebook/frontend/app/utils/transformObjectToArray.js",
    "statementMap": {
      "0": {
        "start": { "line": 2, "column": 14 },
        "end": { "line": 2, "column": 2 }
      },
      "1": {
        "start": { "line": 3, "column": 2 },
        "end": { "line": null, "column": -1 }
      },
      "2": {
        "start": { "line": 3, "column": 30 },
        "end": { "line": null, "column": -1 }
      }
    },
    "fnMap": {
      "0": {
        "name": "transformObjectToArray",
        "decl": {
          "start": { "line": 1, "column": 24 },
          "end": { "line": 1, "column": 15 }
        },
        "loc": {
          "start": { "line": 1, "column": 59 },
          "end": { "line": 4, "column": 1 }
        }
      },
      "1": {
        "name": "(anonymous_1)",
        "decl": {
          "start": { "line": 3, "column": 30 },
          "end": { "line": 3, "column": 30 }
        },
        "loc": {
          "start": { "line": 3, "column": 30 },
          "end": { "line": 3, "column": 9 }
        }
      }
    },
    "branchMap": {},
    "s": { "0": 0, "1": 0, "2": 0 },
    "f": { "0": 0, "1": 0 },
    "b": {}
  },
  "/Users/senai/Desktop/IAT_Gradebook/frontend/app/utils/withLoginUser.js": {
    "path":
      "/Users/senai/Desktop/IAT_Gradebook/frontend/app/utils/withLoginUser.js",
    "statementMap": {
      "0": {
        "start": { "line": 1, "column": 0 },
        "end": { "line": null, "column": -1 }
      },
      "1": {
        "start": { "line": 2, "column": 0 },
        "end": { "line": null, "column": -1 }
      },
      "2": {
        "start": { "line": 3, "column": 0 },
        "end": { "line": null, "column": -1 }
      },
      "3": {
        "start": { "line": 4, "column": 0 },
        "end": { "line": null, "column": -1 }
      },
      "4": {
        "start": { "line": 5, "column": 0 },
        "end": { "line": null, "column": -1 }
      },
      "5": {
        "start": { "line": 6, "column": 0 },
        "end": { "line": null, "column": -1 }
      },
      "6": {
        "start": { "line": 13, "column": 13 },
        "end": { "line": 13, "column": 7 }
      },
      "7": {
        "start": { "line": 14, "column": 33 },
        "end": { "line": 14, "column": 2 }
      },
      "8": {
        "start": { "line": 14, "column": 33 },
        "end": { "line": null, "column": -1 }
      },
      "9": {
        "start": { "line": 16, "column": 15 },
        "end": { "line": null, "column": -1 }
      },
      "10": {
        "start": { "line": 17, "column": 19 },
        "end": { "line": null, "column": -1 }
      },
      "11": {
        "start": { "line": 18, "column": 17 },
        "end": { "line": null, "column": -1 }
      },
      "12": {
        "start": { "line": 19, "column": 17 },
        "end": { "line": null, "column": -1 }
      },
      "13": {
        "start": { "line": 23, "column": 2 },
        "end": { "line": null, "column": -1 }
      },
      "14": {
        "start": { "line": 26, "column": 26 },
        "end": { "line": 26, "column": 2 }
      },
      "15": {
        "start": { "line": 29, "column": 29 },
        "end": { "line": 29, "column": 2 }
      },
      "16": {
        "start": { "line": 29, "column": 29 },
        "end": { "line": null, "column": -1 }
      },
      "17": {
        "start": { "line": 30, "column": 22 },
        "end": { "line": 30, "column": 2 }
      },
      "18": {
        "start": { "line": 31, "column": 2 },
        "end": { "line": null, "column": -1 }
      }
    },
    "fnMap": {
      "0": {
        "name": "withLoginUser",
        "decl": {
          "start": { "line": 13, "column": 13 },
          "end": { "line": 13, "column": 29 }
        },
        "loc": {
          "start": { "line": 13, "column": 51 },
          "end": { "line": 13, "column": 7 }
        }
      },
      "1": {
        "name": "withLoginUserComponent",
        "decl": {
          "start": { "line": 14, "column": 8 },
          "end": { "line": 14, "column": 33 }
        },
        "loc": {
          "start": { "line": 14, "column": 33 },
          "end": { "line": 14, "column": 2 }
        }
      },
      "2": {
        "name": "isAdmin",
        "decl": {
          "start": { "line": 16, "column": 15 },
          "end": { "line": null, "column": -1 }
        },
        "loc": {
          "start": { "line": 16, "column": 15 },
          "end": { "line": 15, "column": 4 }
        }
      },
      "3": {
        "name": "isPrincipal",
        "decl": {
          "start": { "line": 17, "column": 19 },
          "end": { "line": null, "column": -1 }
        },
        "loc": {
          "start": { "line": 17, "column": 19 },
          "end": { "line": 15, "column": 4 }
        }
      },
      "4": {
        "name": "isTeacher",
        "decl": {
          "start": { "line": 18, "column": 17 },
          "end": { "line": null, "column": -1 }
        },
        "loc": {
          "start": { "line": 18, "column": 17 },
          "end": { "line": 15, "column": 4 }
        }
      },
      "5": {
        "name": "isStudent",
        "decl": {
          "start": { "line": 19, "column": 17 },
          "end": { "line": null, "column": -1 }
        },
        "loc": {
          "start": { "line": 19, "column": 17 },
          "end": { "line": null, "column": -1 }
        }
      },
      "6": {
        "name": "mapDispatchToProps",
        "decl": {
          "start": { "line": 29, "column": 8 },
          "end": { "line": 29, "column": 29 }
        },
        "loc": {
          "start": { "line": 29, "column": 29 },
          "end": { "line": 29, "column": 2 }
        }
      }
    },
    "branchMap": {},
    "s": {
      "0": 0,
      "1": 0,
      "2": 0,
      "3": 0,
      "4": 0,
      "5": 0,
      "6": 0,
      "7": 0,
      "8": 0,
      "9": 0,
      "10": 0,
      "11": 0,
      "12": 0,
      "13": 0,
      "14": 0,
      "15": 0,
      "16": 0,
      "17": 0,
      "18": 0
    },
    "f": { "0": 0, "1": 0, "2": 0, "3": 0, "4": 0, "5": 0, "6": 0 },
    "b": {}
  }
}
