TN:
SF:/Users/senai/Desktop/IAT_Gradebook/frontend/app/index.js
FNF:0
FNH:0
DA:1,0
DA:2,0
DA:4,0
DA:5,0
DA:6,0
DA:7,0
DA:9,0
DA:10,0
DA:12,0
DA:14,0
DA:15,0
DA:18,0
DA:19,0
DA:20,0
LF:14
LH:0
BRDA:14,0,0,0
BRDA:14,0,1,0
BRF:2
BRH:0
end_of_record
TN:
SF:/Users/senai/Desktop/IAT_Gradebook/frontend/app/components/CourseClassList/index.js
FN:11,(anonymous_0)
FN:54,(anonymous_1)
FN:63,(anonymous_2)
FNF:3
FNH:0
FNDA:0,(anonymous_0)
FNDA:0,(anonymous_1)
FNDA:0,(anonymous_2)
DA:11,1
DA:12,0
DA:44,0
DA:45,0
DA:51,0
DA:54,1
DA:55,0
DA:56,0
DA:63,0
DA:69,1
LF:10
LH:3
BRDA:44,0,0,0
BRDA:44,0,1,0
BRF:2
BRH:0
end_of_record
TN:
SF:/Users/senai/Desktop/IAT_Gradebook/frontend/app/components/DefaultContentError/index.js
FN:12,DefaultContentError
FNF:1
FNH:0
FNDA:0,DefaultContentError
DA:7,0
DA:8,0
DA:9,0
DA:10,0
DA:12,0
DA:23,0
LF:6
LH:0
BRF:0
BRH:0
end_of_record
TN:
SF:/Users/senai/Desktop/IAT_Gradebook/frontend/app/components/GenericNotFound/index.js
FN:11,GenericNotFound
FNF:1
FNH:0
FNDA:0,GenericNotFound
DA:7,0
DA:9,0
DA:11,0
LF:3
LH:0
BRF:0
BRH:0
end_of_record
TN:
SF:/Users/senai/Desktop/IAT_Gradebook/frontend/app/components/GradeTable/index.js
FN:18,(anonymous_14)
FN:34,(anonymous_17)
FN:41,(anonymous_18)
FN:47,(anonymous_20)
FN:60,(anonymous_22)
FN:66,(anonymous_23)
FN:96,(anonymous_25)
FN:130,onClick
FN:151,markCheck
FNF:9
FNH:0
FNDA:0,(anonymous_14)
FNDA:0,(anonymous_17)
FNDA:0,(anonymous_18)
FNDA:0,(anonymous_20)
FNDA:0,(anonymous_22)
FNDA:0,(anonymous_23)
FNDA:0,(anonymous_25)
FNDA:0,onClick
FNDA:0,markCheck
DA:7,0
DA:8,0
DA:9,0
DA:10,0
DA:11,0
DA:12,0
DA:13,0
DA:17,0
DA:18,0
DA:19,0
DA:20,0
DA:21,0
DA:25,0
DA:30,0
DA:33,0
DA:34,0
DA:35,0
DA:36,0
DA:37,0
DA:39,0
DA:41,0
DA:42,0
DA:46,0
DA:47,0
DA:55,0
DA:58,0
DA:59,0
DA:60,0
DA:66,0
DA:67,0
DA:75,0
DA:76,0
DA:78,0
DA:79,0
DA:91,0
DA:95,0
DA:96,0
DA:104,0
DA:105,0
DA:106,0
DA:130,0
DA:150,0
DA:156,0
LF:43
LH:0
BRDA:20,0,0,0
BRDA:20,0,1,0
BRDA:36,1,0,0
BRDA:36,1,1,0
BRDA:49,2,0,0
BRDA:49,2,1,0
BRDA:68,3,0,0
BRDA:68,3,1,0
BRDA:75,4,0,0
BRDA:75,4,1,0
BRDA:127,5,0,0
BRDA:127,5,1,0
BRF:12
BRH:0
end_of_record
TN:
SF:/Users/senai/Desktop/IAT_Gradebook/frontend/app/components/GradeTableList/index.js
FN:15,(anonymous_10)
FNF:1
FNH:0
FNDA:0,(anonymous_10)
DA:7,0
DA:8,0
DA:9,0
DA:10,0
DA:14,0
DA:15,0
DA:24,0
DA:28,0
LF:8
LH:0
BRF:0
BRH:0
end_of_record
TN:
SF:/Users/senai/Desktop/IAT_Gradebook/frontend/app/components/Icons/Logo/index.js
FN:4,Logo
FNF:1
FNH:0
FNDA:0,Logo
DA:1,0
DA:2,0
DA:4,0
LF:3
LH:0
BRDA:9,0,0,0
BRDA:9,0,1,0
BRDA:26,1,0,0
BRDA:26,1,1,0
BRDA:31,2,0,0
BRDA:31,2,1,0
BRF:6
BRH:0
end_of_record
TN:
SF:/Users/senai/Desktop/IAT_Gradebook/frontend/app/components/InputDecimalNumber/index.js
FNF:0
FNH:0
DA:7,0
DA:8,0
DA:9,0
DA:10,0
DA:11,0
DA:14,0
DA:16,0
DA:18,0
DA:32,0
DA:36,0
LF:10
LH:0
BRF:0
BRH:0
end_of_record
TN:
SF:/Users/senai/Desktop/IAT_Gradebook/frontend/app/components/LoadingCard/index.js
FN:12,(anonymous_0)
FNF:1
FNH:0
FNDA:0,(anonymous_0)
DA:12,1
DA:15,0
DA:24,1
LF:3
LH:2
BRDA:20,0,0,0
BRDA:20,0,1,0
BRF:2
BRH:0
end_of_record
TN:
SF:/Users/senai/Desktop/IAT_Gradebook/frontend/app/components/LoadingCard/stories/DemoLoadingCard.js
FNF:0
FNH:0
DA:1,0
DA:2,0
DA:3,0
DA:11,0
DA:16,0
DA:17,0
LF:6
LH:0
BRDA:23,0,0,0
BRDA:23,0,1,0
BRF:2
BRH:0
end_of_record
TN:
SF:/Users/senai/Desktop/IAT_Gradebook/frontend/app/components/LoadingCard/stories/DemoLoadingCard.stories.js
FN:49,(anonymous_1)
FNF:1
FNH:0
FNDA:0,(anonymous_1)
DA:1,0
DA:2,0
DA:3,0
DA:4,0
DA:5,0
DA:6,0
DA:7,0
DA:9,0
DA:47,0
DA:49,0
LF:10
LH:0
BRF:0
BRH:0
end_of_record
TN:
SF:/Users/senai/Desktop/IAT_Gradebook/frontend/app/components/LoadingFullPage/index.js
FN:11,LoadingFullPage
FNF:1
FNH:0
FNDA:0,LoadingFullPage
DA:7,0
DA:8,0
DA:9,0
DA:11,0
LF:4
LH:0
BRF:0
BRH:0
end_of_record
TN:
SF:/Users/senai/Desktop/IAT_Gradebook/frontend/app/components/MarkInput/index.js
FN:94,onBlur
FN:95,onCheck
FN:96,onChange
FNF:3
FNH:0
FNDA:0,onBlur
FNDA:0,onCheck
FNDA:0,onChange
DA:7,0
DA:8,0
DA:9,0
DA:10,0
DA:11,0
DA:15,0
DA:20,0
DA:21,0
DA:23,0
DA:24,0
DA:25,0
DA:26,0
DA:27,0
DA:29,0
DA:30,0
DA:31,0
DA:33,0
DA:34,0
DA:35,0
DA:37,0
DA:38,0
DA:40,0
DA:41,0
DA:49,0
DA:51,0
DA:60,0
DA:61,0
DA:63,0
DA:93,0
DA:103,0
LF:30
LH:0
BRDA:28,0,0,0
BRDA:28,0,1,0
BRDA:28,0,2,0
BRDA:40,1,0,0
BRDA:40,1,1,0
BRDA:40,2,0,0
BRDA:40,2,1,0
BRDA:71,3,0,0
BRDA:71,3,1,0
BRDA:71,3,2,0
BRDA:76,4,0,0
BRDA:76,4,1,0
BRDA:87,5,0,0
BRDA:87,5,1,0
BRF:14
BRH:0
end_of_record
TN:
SF:/Users/senai/Desktop/IAT_Gradebook/frontend/app/components/ModalButton/index.js
FNF:0
FNH:0
DA:7,0
DA:8,0
DA:9,0
DA:11,0
DA:15,0
DA:18,0
DA:20,0
DA:29,0
DA:30,0
DA:50,0
LF:10
LH:0
BRDA:43,0,0,0
BRDA:43,0,1,0
BRF:2
BRH:0
end_of_record
TN:
SF:/Users/senai/Desktop/IAT_Gradebook/frontend/app/components/SelectRoles/index.js
FN:18,SelectRoles
FNF:1
FNH:0
FNDA:0,SelectRoles
DA:7,0
DA:8,0
DA:9,0
DA:10,0
DA:16,0
DA:18,0
DA:28,0
LF:7
LH:0
BRF:0
BRH:0
end_of_record
TN:
SF:/Users/senai/Desktop/IAT_Gradebook/frontend/app/components/UserForm/index.js
FN:34,(anonymous_15)
FN:61,onSubmit
FN:104,onClick
FN:108,onClick
FNF:4
FNH:0
FNDA:0,(anonymous_15)
FNDA:0,onSubmit
FNDA:0,onClick
FNDA:0,onClick
DA:7,0
DA:8,0
DA:9,0
DA:10,0
DA:11,0
DA:13,0
DA:16,0
DA:17,0
DA:18,0
DA:19,0
DA:20,0
DA:26,0
DA:28,0
DA:29,0
DA:30,0
DA:33,0
DA:34,0
DA:37,0
DA:40,0
DA:41,0
DA:43,0
DA:46,0
DA:47,0
DA:49,0
DA:50,0
DA:51,0
DA:52,0
DA:53,0
DA:54,0
DA:55,0
DA:56,0
DA:58,0
DA:62,0
DA:63,0
DA:104,0
DA:108,0
DA:120,0
DA:132,0
LF:38
LH:0
BRDA:40,0,0,0
BRDA:40,0,1,0
BRDA:43,1,0,0
BRDA:43,1,1,0
BRDA:18,2,0,0
BRDA:18,2,1,0
BRDA:30,3,0,0
BRDA:30,3,1,0
BRDA:69,4,0,0
BRDA:69,4,1,0
BRDA:70,5,0,0
BRDA:70,5,1,0
BRDA:78,6,0,0
BRDA:78,6,1,0
BRDA:79,7,0,0
BRDA:79,7,1,0
BRDA:87,8,0,0
BRDA:87,8,1,0
BRDA:88,9,0,0
BRDA:88,9,1,0
BRDA:96,10,0,0
BRDA:96,10,1,0
BRDA:97,11,0,0
BRDA:97,11,1,0
BRDA:111,12,0,0
BRDA:111,12,1,0
BRF:26
BRH:0
end_of_record
TN:
SF:/Users/senai/Desktop/IAT_Gradebook/frontend/app/components/UserList/index.js
FN:11,getColumns
FN:44,UserList
FN:53,rowKey
FNF:3
FNH:0
FNDA:0,getColumns
FNDA:0,UserList
FNDA:0,rowKey
DA:7,0
DA:8,0
DA:9,0
DA:11,0
DA:12,0
DA:34,0
DA:35,0
DA:41,0
DA:44,0
DA:45,0
DA:46,0
DA:53,0
DA:59,0
LF:13
LH:0
BRDA:34,0,0,0
BRDA:34,0,1,0
BRF:2
BRH:0
end_of_record
TN:
SF:/Users/senai/Desktop/IAT_Gradebook/frontend/app/containers/App/fileLoads.js
FNF:0
FNH:0
DA:2,0
DA:3,0
DA:4,0
DA:5,0
DA:6,0
DA:7,0
DA:8,0
DA:9,0
LF:8
LH:0
BRF:0
BRH:0
end_of_record
TN:
SF:/Users/senai/Desktop/IAT_Gradebook/frontend/app/containers/App/index.js
FN:20,App
FNF:1
FNH:0
FNDA:0,App
DA:1,0
DA:2,0
DA:3,0
DA:5,0
DA:6,0
DA:7,0
DA:8,0
DA:9,0
DA:10,0
DA:11,0
DA:12,0
DA:13,0
DA:14,0
DA:15,0
DA:16,0
DA:17,0
DA:18,0
DA:20,0
DA:30,0
DA:34,0
DA:38,0
DA:42,0
LF:22
LH:0
BRF:0
BRH:0
end_of_record
TN:
SF:/Users/senai/Desktop/IAT_Gradebook/frontend/app/containers/App/reducer.js
FN:14,appReducer
FNF:1
FNH:0
FNDA:0,appReducer
DA:8,1
DA:15,0
DA:16,0
DA:18,0
DA:20,0
DA:22,0
DA:24,0
LF:7
LH:1
BRDA:14,0,0,0
BRDA:16,1,0,0
BRDA:16,1,1,0
BRDA:16,1,2,0
BRDA:16,1,3,0
BRF:5
BRH:0
end_of_record
TN:
SF:/Users/senai/Desktop/IAT_Gradebook/frontend/app/containers/App/selectors.js
FN:3,selectGlobal
FN:4,selectRouter
FN:5,makeSelectLocation
FN:6,(anonymous_3)
FNF:4
FNH:0
FNDA:0,selectGlobal
FNDA:0,selectRouter
FNDA:0,makeSelectLocation
FNDA:0,(anonymous_3)
DA:1,0
DA:3,0
DA:4,0
DA:5,0
DA:6,0
LF:5
LH:0
BRF:0
BRH:0
end_of_record
TN:
SF:/Users/senai/Desktop/IAT_Gradebook/frontend/app/containers/CourseClassListContainer/actions.js
FN:10,loadCourseClass
FN:17,courseClassLoaded
FN:27,loadCourseClassError
FN:35,loadCourseClassSilently
FNF:4
FNH:0
FNDA:0,loadCourseClass
FNDA:0,courseClassLoaded
FNDA:0,loadCourseClassError
FNDA:0,loadCourseClassSilently
DA:11,0
DA:18,0
DA:28,0
DA:36,0
LF:4
LH:0
BRF:0
BRH:0
end_of_record
TN:
SF:/Users/senai/Desktop/IAT_Gradebook/frontend/app/containers/CourseClassListContainer/constants.js
FNF:0
FNH:0
DA:2,1
DA:3,1
DA:5,1
DA:6,1
LF:4
LH:4
BRF:0
BRH:0
end_of_record
TN:
SF:/Users/senai/Desktop/IAT_Gradebook/frontend/app/containers/CourseClassListContainer/index.js
FN:34,(anonymous_0)
FN:38,(anonymous_1)
FN:44,(anonymous_2)
FN:51,(anonymous_3)
FN:52,(anonymous_4)
FN:59,(anonymous_5)
FN:108,(anonymous_6)
FN:109,(anonymous_7)
FNF:8
FNH:0
FNDA:0,(anonymous_0)
FNDA:0,(anonymous_1)
FNDA:0,(anonymous_2)
FNDA:0,(anonymous_3)
FNDA:0,(anonymous_4)
FNDA:0,(anonymous_5)
FNDA:0,(anonymous_6)
FNDA:0,(anonymous_7)
DA:35,0
DA:36,0
DA:39,0
DA:40,0
DA:41,0
DA:45,0
DA:48,0
DA:49,0
DA:51,0
DA:53,0
DA:54,0
DA:66,0
DA:67,0
DA:68,0
DA:86,1
DA:90,1
DA:100,1
DA:108,1
DA:109,0
DA:112,1
DA:113,1
DA:114,1
LF:22
LH:7
BRDA:40,0,0,0
BRDA:40,0,1,0
BRF:2
BRH:0
end_of_record
TN:
SF:/Users/senai/Desktop/IAT_Gradebook/frontend/app/containers/CourseClassListContainer/normalizr.js
FN:7,(anonymous_0)
FN:8,(anonymous_1)
FN:25,(anonymous_2)
FN:27,(anonymous_3)
FNF:4
FNH:0
FNDA:0,(anonymous_0)
FNDA:0,(anonymous_1)
FNDA:0,(anonymous_2)
FNDA:0,(anonymous_3)
DA:4,1
DA:5,1
DA:7,1
DA:8,0
DA:9,0
DA:10,0
DA:11,0
DA:16,0
DA:17,0
DA:22,0
DA:25,1
DA:27,1
DA:28,0
DA:29,0
DA:34,0
LF:15
LH:5
BRDA:10,0,0,0
BRDA:10,0,1,0
BRDA:16,1,0,0
BRDA:16,1,1,0
BRDA:28,2,0,0
BRDA:28,2,1,0
BRDA:34,3,0,0
BRDA:34,3,1,0
BRF:8
BRH:0
end_of_record
TN:
SF:/Users/senai/Desktop/IAT_Gradebook/frontend/app/containers/CourseClassListContainer/reducer.js
FN:16,courseClassReducer
FNF:1
FNH:0
FNDA:0,courseClassReducer
DA:8,1
DA:17,0
DA:19,0
DA:21,0
DA:27,0
DA:29,0
LF:6
LH:1
BRDA:16,0,0,0
BRDA:17,1,0,0
BRDA:17,1,1,0
BRDA:17,1,2,0
BRDA:17,1,3,0
BRF:5
BRH:0
end_of_record
TN:
SF:/Users/senai/Desktop/IAT_Gradebook/frontend/app/containers/CourseClassListContainer/saga.js
FN:9,courseClassSaga
FN:14,getAllCourseClass
FNF:2
FNH:0
FNDA:0,courseClassSaga
FNDA:0,getAllCourseClass
DA:10,0
DA:11,0
DA:15,0
DA:16,0
DA:17,0
DA:20,0
DA:21,0
DA:23,0
LF:8
LH:0
BRDA:17,0,0,0
BRDA:17,0,1,0
BRF:2
BRH:0
end_of_record
TN:
SF:/Users/senai/Desktop/IAT_Gradebook/frontend/app/containers/CourseClassListContainer/selectors.js
FN:4,(anonymous_0)
FN:6,(anonymous_1)
FN:7,(anonymous_2)
FN:10,(anonymous_3)
FN:11,(anonymous_4)
FN:14,(anonymous_5)
FN:15,(anonymous_6)
FN:18,(anonymous_7)
FN:19,(anonymous_8)
FN:22,(anonymous_9)
FN:23,(anonymous_10)
FNF:11
FNH:5
FNDA:0,(anonymous_0)
FNDA:1,(anonymous_1)
FNDA:0,(anonymous_2)
FNDA:1,(anonymous_3)
FNDA:0,(anonymous_4)
FNDA:1,(anonymous_5)
FNDA:0,(anonymous_6)
FNDA:1,(anonymous_7)
FNDA:0,(anonymous_8)
FNDA:1,(anonymous_9)
FNDA:0,(anonymous_10)
DA:4,1
DA:6,1
DA:7,1
DA:8,0
DA:10,1
DA:11,1
DA:12,0
DA:14,1
DA:15,1
DA:16,0
DA:18,1
DA:19,1
DA:20,0
DA:22,1
DA:23,1
DA:24,0
LF:16
LH:11
BRF:0
BRH:0
end_of_record
TN:
SF:/Users/senai/Desktop/IAT_Gradebook/frontend/app/containers/GradeTableContainer/index.js
FN:42,(anonymous_13)
FN:48,(anonymous_14)
FN:51,(anonymous_15)
FN:55,(anonymous_17)
FN:62,(anonymous_18)
FN:68,(anonymous_19)
FN:73,onClick
FN:80,onClick
FN:112,onCancel
FN:116,onChange
FN:181,mapDispatchToProps
FN:182,loadCourseClass
FN:185,editMarks
FN:186,(anonymous_29)
FNF:14
FNH:0
FNDA:0,(anonymous_13)
FNDA:0,(anonymous_14)
FNDA:0,(anonymous_15)
FNDA:0,(anonymous_17)
FNDA:0,(anonymous_18)
FNDA:0,(anonymous_19)
FNDA:0,onClick
FNDA:0,onClick
FNDA:0,onCancel
FNDA:0,onChange
FNDA:0,mapDispatchToProps
FNDA:0,loadCourseClass
FNDA:0,editMarks
FNDA:0,(anonymous_29)
DA:7,0
DA:8,0
DA:9,0
DA:10,0
DA:11,0
DA:12,0
DA:13,0
DA:14,0
DA:15,0
DA:16,0
DA:17,0
DA:18,0
DA:19,0
DA:27,0
DA:28,0
DA:29,0
DA:30,0
DA:32,0
DA:33,0
DA:34,0
DA:36,0
DA:41,0
DA:42,0
DA:46,0
DA:49,0
DA:53,0
DA:54,0
DA:55,0
DA:60,0
DA:63,0
DA:64,0
DA:70,0
DA:73,0
DA:80,0
DA:87,0
DA:92,0
DA:93,0
DA:112,0
DA:116,0
DA:117,0
DA:134,0
DA:179,0
DA:181,0
DA:183,0
DA:185,0
DA:187,0
DA:191,0
LF:47
LH:0
BRDA:29,0,0,0
BRDA:29,0,1,0
BRDA:33,1,0,0
BRDA:33,1,1,0
BRDA:95,2,0,0
BRDA:95,2,1,0
BRDA:125,3,0,0
BRDA:125,3,1,0
BRF:8
BRH:0
end_of_record
TN:
SF:/Users/senai/Desktop/IAT_Gradebook/frontend/app/containers/MarkInputContainer/actions.js
FN:14,createMark
FN:23,createMarkError
FN:30,markCreated
FN:39,editMark
FN:48,editMarkError
FN:55,markEdited
FN:64,editMarks
FN:73,editMarksError
FN:80,marksEdited
FNF:9
FNH:0
FNDA:0,createMark
FNDA:0,createMarkError
FNDA:0,markCreated
FNDA:0,editMark
FNDA:0,editMarkError
FNDA:0,markEdited
FNDA:0,editMarks
FNDA:0,editMarksError
FNDA:0,marksEdited
DA:1,0
DA:15,0
DA:24,0
DA:31,0
DA:40,0
DA:49,0
DA:56,0
DA:65,0
DA:74,0
DA:81,0
LF:10
LH:0
BRF:0
BRH:0
end_of_record
TN:
SF:/Users/senai/Desktop/IAT_Gradebook/frontend/app/containers/MarkInputContainer/constants.js
FNF:0
FNH:0
DA:1,0
DA:2,0
DA:3,0
DA:5,0
DA:6,0
DA:7,0
DA:9,0
DA:10,0
DA:11,0
LF:9
LH:0
BRF:0
BRH:0
end_of_record
TN:
SF:/Users/senai/Desktop/IAT_Gradebook/frontend/app/containers/MarkInputContainer/index.js
FN:46,(anonymous_12)
FN:50,(anonymous_13)
FN:90,mapDispatchToProps
FN:91,createMark
FN:92,(anonymous_18)
FN:95,editMark
FN:96,(anonymous_20)
FN:99,loadCourseClass
FNF:8
FNH:0
FNDA:0,(anonymous_12)
FNDA:0,(anonymous_13)
FNDA:0,mapDispatchToProps
FNDA:0,createMark
FNDA:0,(anonymous_18)
FNDA:0,editMark
FNDA:0,(anonymous_20)
FNDA:0,loadCourseClass
DA:7,0
DA:8,0
DA:9,0
DA:10,0
DA:11,0
DA:12,0
DA:13,0
DA:14,0
DA:15,0
DA:16,0
DA:17,0
DA:25,0
DA:26,0
DA:28,0
DA:31,0
DA:36,0
DA:37,0
DA:39,0
DA:42,0
DA:45,0
DA:47,0
DA:48,0
DA:51,0
DA:52,0
DA:58,0
DA:59,0
DA:60,0
DA:73,0
DA:77,0
DA:88,0
DA:90,0
DA:91,0
DA:93,0
DA:95,0
DA:97,0
DA:100,0
DA:104,0
LF:37
LH:0
BRDA:36,0,0,0
BRDA:36,0,1,0
BRDA:43,1,0,0
BRDA:43,1,1,0
BRDA:67,2,0,0
BRDA:67,2,1,0
BRDA:25,3,0,0
BRDA:25,3,1,0
BRF:8
BRH:0
end_of_record
TN:
SF:/Users/senai/Desktop/IAT_Gradebook/frontend/app/containers/MarkInputContainer/reducer.js
FN:17,markFormReducer
FNF:1
FNH:0
FNDA:0,markFormReducer
DA:1,0
DA:2,0
DA:11,0
DA:17,0
DA:18,0
DA:20,0
DA:22,0
DA:29,0
DA:31,0
DA:33,0
DA:40,0
DA:42,0
LF:12
LH:0
BRDA:17,0,0,0
BRDA:17,0,1,0
BRDA:17,1,0,0
BRDA:17,1,1,0
BRDA:19,2,0,0
BRDA:19,2,1,0
BRDA:19,2,2,0
BRDA:19,2,3,0
BRDA:19,2,4,0
BRDA:19,2,5,0
BRDA:19,2,6,0
BRF:11
BRH:0
end_of_record
TN:
SF:/Users/senai/Desktop/IAT_Gradebook/frontend/app/containers/MarkInputContainer/saga.js
FN:14,markData
FN:14,markData$
FN:22,createMarkForm
FN:22,createMarkForm$
FN:33,editMarkForm
FN:33,editMarkForm$
FN:48,editMarksForm
FN:48,editMarksForm$
FNF:8
FNH:0
FNDA:0,markData
FNDA:0,markData$
FNDA:0,createMarkForm
FNDA:0,createMarkForm$
FNDA:0,editMarkForm
FNDA:0,editMarkForm$
FNDA:0,editMarksForm
FNDA:0,editMarksForm$
DA:1,0
DA:2,0
DA:3,0
DA:4,0
DA:12,0
DA:14,0
DA:22,0
DA:24,0
DA:25,0
DA:28,0
DA:33,0
DA:35,0
DA:40,0
DA:43,0
DA:48,0
DA:50,0
DA:51,0
DA:54,0
LF:18
LH:0
BRDA:14,0,0,0
BRDA:14,0,1,0
BRDA:14,0,2,0
BRDA:22,1,0,0
BRDA:22,1,1,0
BRDA:22,1,2,0
BRDA:22,1,3,0
BRDA:22,1,4,0
BRDA:22,1,5,0
BRDA:33,2,0,0
BRDA:33,2,1,0
BRDA:33,2,2,0
BRDA:33,2,3,0
BRDA:33,2,4,0
BRDA:33,2,5,0
BRDA:48,3,0,0
BRDA:48,3,1,0
BRDA:48,3,2,0
BRDA:48,3,3,0
BRDA:48,3,4,0
BRDA:48,3,5,0
BRF:21
BRH:0
end_of_record
TN:
SF:/Users/senai/Desktop/IAT_Gradebook/frontend/app/containers/MarkInputContainer/selectors.js
FN:3,selectAlertConfigurationForms
FN:6,makeSelectAlertConfigurationLoading
FN:7,(anonymous_2)
FN:10,makeSelectError
FN:11,(anonymous_4)
FN:14,makeSelectSuccess
FN:15,(anonymous_6)
FNF:7
FNH:0
FNDA:0,selectAlertConfigurationForms
FNDA:0,makeSelectAlertConfigurationLoading
FNDA:0,(anonymous_2)
FNDA:0,makeSelectError
FNDA:0,(anonymous_4)
FNDA:0,makeSelectSuccess
FNDA:0,(anonymous_6)
DA:1,0
DA:3,0
DA:6,0
DA:7,0
DA:10,0
DA:11,0
DA:14,0
DA:15,0
LF:8
LH:0
BRF:0
BRH:0
end_of_record
TN:
SF:/Users/senai/Desktop/IAT_Gradebook/frontend/app/containers/Pages/ContactPage/index.js
FN:4,ContactPage
FNF:1
FNH:0
FNDA:0,ContactPage
DA:1,0
DA:2,0
DA:4,0
LF:3
LH:0
BRF:0
BRH:0
end_of_record
TN:
SF:/Users/senai/Desktop/IAT_Gradebook/frontend/app/containers/Pages/ContactPage/loadable.js
FN:4,loader
FN:5,loading
FNF:2
FNH:0
FNDA:0,loader
FNDA:0,loading
DA:1,0
DA:4,0
DA:5,0
LF:3
LH:0
BRF:0
BRH:0
end_of_record
TN:
SF:/Users/senai/Desktop/IAT_Gradebook/frontend/app/containers/Pages/GradeBookPage/index.js
FN:6,GradeBookPage
FNF:1
FNH:0
FNDA:0,GradeBookPage
DA:1,0
DA:2,0
DA:3,0
DA:4,0
DA:6,0
LF:5
LH:0
BRF:0
BRH:0
end_of_record
TN:
SF:/Users/senai/Desktop/IAT_Gradebook/frontend/app/containers/Pages/GradeBookPage/loadable.js
FN:4,loader
FN:5,loading
FNF:2
FNH:0
FNDA:0,loader
FNDA:0,loading
DA:1,0
DA:4,0
DA:5,0
LF:3
LH:0
BRF:0
BRH:0
end_of_record
TN:
SF:/Users/senai/Desktop/IAT_Gradebook/frontend/app/containers/Pages/LandingPage/index.js
FN:9,LandingPage
FNF:1
FNH:0
FNDA:0,LandingPage
DA:1,0
DA:2,0
DA:3,0
DA:4,0
DA:5,0
DA:6,0
DA:7,0
DA:9,0
LF:8
LH:0
BRF:0
BRH:0
end_of_record
TN:
SF:/Users/senai/Desktop/IAT_Gradebook/frontend/app/containers/Pages/LandingPage/loadable.js
FN:4,loader
FN:5,loading
FNF:2
FNH:0
FNDA:0,loader
FNDA:0,loading
DA:1,0
DA:4,0
DA:5,0
LF:3
LH:0
BRF:0
BRH:0
end_of_record
TN:
SF:/Users/senai/Desktop/IAT_Gradebook/frontend/app/containers/Pages/LoginPage/actions.js
FN:11,loginUser
FN:21,loginUserLoaded
FN:28,loginUserError
FN:35,logoutUser
FN:41,changeCompanyOfLoggedUser
FN:48,setCurrentUserSuccess
FN:54,setCurrentUserError
FNF:7
FNH:0
FNDA:0,loginUser
FNDA:0,loginUserLoaded
FNDA:0,loginUserError
FNDA:0,logoutUser
FNDA:0,changeCompanyOfLoggedUser
FNDA:0,setCurrentUserSuccess
FNDA:0,setCurrentUserError
DA:1,0
DA:12,0
DA:22,0
DA:29,0
DA:36,0
DA:42,0
DA:49,0
DA:55,0
LF:8
LH:0
BRF:0
BRH:0
end_of_record
TN:
SF:/Users/senai/Desktop/IAT_Gradebook/frontend/app/containers/Pages/LoginPage/constants.js
FNF:0
FNH:0
DA:1,0
DA:2,0
DA:3,0
DA:4,0
DA:6,0
DA:7,0
DA:10,0
LF:7
LH:0
BRF:0
BRH:0
end_of_record
TN:
SF:/Users/senai/Desktop/IAT_Gradebook/frontend/app/containers/Pages/LoginPage/index.js
FN:28,(anonymous_10)
FNF:1
FNH:0
FNDA:0,(anonymous_10)
DA:7,0
DA:8,0
DA:9,0
DA:10,0
DA:11,0
DA:12,0
DA:13,0
DA:14,0
DA:15,0
DA:16,0
DA:17,0
DA:18,0
DA:19,0
DA:20,0
DA:22,0
DA:25,0
DA:26,0
DA:27,0
DA:28,0
DA:29,0
DA:30,0
DA:31,0
DA:36,0
DA:43,0
DA:44,0
DA:53,0
DA:55,0
DA:56,0
DA:57,0
DA:58,0
DA:60,0
DA:61,0
DA:62,0
DA:64,0
DA:67,0
DA:120,0
DA:128,0
DA:133,0
DA:137,0
LF:39
LH:0
BRDA:29,0,0,0
BRDA:29,0,1,0
BRDA:43,1,0,0
BRDA:43,1,1,0
BRDA:43,2,0,0
BRDA:43,2,1,0
BRDA:43,2,2,0
BRDA:60,3,0,0
BRDA:60,3,1,0
BRDA:61,4,0,0
BRDA:61,4,1,0
BRF:11
BRH:0
end_of_record
TN:
SF:/Users/senai/Desktop/IAT_Gradebook/frontend/app/containers/Pages/LoginPage/loadable.js
FN:4,loader
FN:5,loading
FNF:2
FNH:0
FNDA:0,loader
FNDA:0,loading
DA:1,0
DA:4,0
DA:5,0
LF:3
LH:0
BRF:0
BRH:0
end_of_record
TN:
SF:/Users/senai/Desktop/IAT_Gradebook/frontend/app/containers/Pages/LoginPage/reducer.js
FN:18,loginReducer
FNF:1
FNH:0
FNDA:0,loginReducer
DA:1,0
DA:2,0
DA:10,0
DA:12,0
DA:18,0
DA:19,0
DA:20,0
DA:22,0
DA:27,0
DA:32,0
DA:37,0
DA:38,0
DA:43,0
DA:44,0
DA:45,0
DA:46,0
DA:48,0
LF:17
LH:0
BRDA:10,0,0,0
BRDA:10,0,1,0
BRDA:18,1,0,0
BRDA:18,1,1,0
BRDA:18,2,0,0
BRDA:18,2,1,0
BRDA:21,3,0,0
BRDA:21,3,1,0
BRDA:21,3,2,0
BRDA:21,3,3,0
BRDA:21,3,4,0
BRDA:21,3,5,0
BRF:12
BRH:0
end_of_record
TN:
SF:/Users/senai/Desktop/IAT_Gradebook/frontend/app/containers/Pages/LoginPage/saga.js
FN:12,loginUser
FN:12,loginUser$
FN:16,setCurrentUserLocalStorage
FN:19,getAllLoginUser
FN:19,getAllLoginUser$
FN:34,setCurrentUser
FN:34,setCurrentUser$
FNF:7
FNH:0
FNDA:0,loginUser
FNDA:0,loginUser$
FNDA:0,setCurrentUserLocalStorage
FNDA:0,getAllLoginUser
FNDA:0,getAllLoginUser$
FNDA:0,setCurrentUser
FNDA:0,setCurrentUser$
DA:1,0
DA:2,0
DA:3,0
DA:4,0
DA:10,0
DA:12,0
DA:16,0
DA:19,0
DA:21,0
DA:22,0
DA:26,0
DA:34,0
DA:36,0
LF:13
LH:0
BRDA:12,0,0,0
BRDA:12,0,1,0
BRDA:12,0,2,0
BRDA:19,1,0,0
BRDA:19,1,1,0
BRDA:19,1,2,0
BRDA:19,1,3,0
BRDA:19,1,4,0
BRDA:19,1,5,0
BRDA:19,1,6,0
BRDA:34,2,0,0
BRDA:34,2,1,0
BRDA:34,2,2,0
BRDA:34,2,3,0
BRDA:34,2,4,0
BRF:15
BRH:0
end_of_record
TN:
SF:/Users/senai/Desktop/IAT_Gradebook/frontend/app/containers/Pages/LoginPage/selectors.js
FN:3,selectLogin
FN:5,makeSelectCurrentUser
FN:6,(anonymous_2)
FN:9,makeSelectLoading
FN:10,(anonymous_4)
FN:12,makeSelectError
FN:13,(anonymous_6)
FNF:7
FNH:0
FNDA:0,selectLogin
FNDA:0,makeSelectCurrentUser
FNDA:0,(anonymous_2)
FNDA:0,makeSelectLoading
FNDA:0,(anonymous_4)
FNDA:0,makeSelectError
FNDA:0,(anonymous_6)
DA:1,0
DA:3,0
DA:5,0
DA:6,0
DA:9,0
DA:10,0
DA:12,0
DA:13,0
LF:8
LH:0
BRF:0
BRH:0
end_of_record
TN:
SF:/Users/senai/Desktop/IAT_Gradebook/frontend/app/containers/Pages/UserPage/index.js
FNF:0
FNH:0
DA:1,0
DA:2,0
DA:3,0
DA:4,0
DA:5,0
DA:6,0
DA:13,0
DA:18,0
DA:23,0
DA:24,0
LF:10
LH:0
BRF:0
BRH:0
end_of_record
TN:
SF:/Users/senai/Desktop/IAT_Gradebook/frontend/app/containers/Pages/UserPage/loadable.js
FN:4,loader
FN:5,loading
FNF:2
FNH:0
FNDA:0,loader
FNDA:0,loading
DA:1,0
DA:4,0
DA:5,0
LF:3
LH:0
BRF:0
BRH:0
end_of_record
TN:
SF:/Users/senai/Desktop/IAT_Gradebook/frontend/app/containers/ProfileUserDropdownContainer/index.js
FN:28,onClick
FN:62,mapDispatchToProps
FN:63,logoutUser
FNF:3
FNH:0
FNDA:0,onClick
FNDA:0,mapDispatchToProps
FNDA:0,logoutUser
DA:8,0
DA:9,0
DA:10,0
DA:11,0
DA:12,0
DA:13,0
DA:14,0
DA:15,0
DA:16,0
DA:17,0
DA:18,0
DA:19,0
DA:25,0
DA:28,0
DA:35,0
DA:36,0
DA:53,0
DA:58,0
DA:62,0
DA:63,0
DA:66,0
LF:21
LH:0
BRF:0
BRH:0
end_of_record
TN:
SF:/Users/senai/Desktop/IAT_Gradebook/frontend/app/containers/UserFormContainer/actions.js
FN:14,createUser
FN:21,createUserFormError
FN:28,userFormCreated
FN:37,editUser
FN:44,editUserError
FN:51,userEdited
FN:60,removeUserForm
FN:67,removeUserError
FN:74,userRemoved
FNF:9
FNH:0
FNDA:0,createUser
FNDA:0,createUserFormError
FNDA:0,userFormCreated
FNDA:0,editUser
FNDA:0,editUserError
FNDA:0,userEdited
FNDA:0,removeUserForm
FNDA:0,removeUserError
FNDA:0,userRemoved
DA:1,0
DA:15,0
DA:22,0
DA:29,0
DA:38,0
DA:45,0
DA:52,0
DA:61,0
DA:68,0
DA:75,0
LF:10
LH:0
BRF:0
BRH:0
end_of_record
TN:
SF:/Users/senai/Desktop/IAT_Gradebook/frontend/app/containers/UserFormContainer/constants.js
FNF:0
FNH:0
DA:1,0
DA:2,0
DA:3,0
DA:5,0
DA:6,0
DA:7,0
DA:9,0
DA:10,0
DA:11,0
LF:9
LH:0
BRF:0
BRH:0
end_of_record
TN:
SF:/Users/senai/Desktop/IAT_Gradebook/frontend/app/containers/UserFormContainer/index.js
FN:61,onSucces
FN:62,onCancel
FN:86,mapDispatchToProps
FN:87,editUser
FN:88,createUser
FNF:5
FNH:0
FNDA:0,onSucces
FNDA:0,onCancel
FNDA:0,mapDispatchToProps
FNDA:0,editUser
FNDA:0,createUser
DA:6,0
DA:7,0
DA:8,0
DA:9,0
DA:10,0
DA:11,0
DA:12,0
DA:14,0
DA:16,0
DA:21,0
DA:22,0
DA:23,0
DA:24,0
DA:27,0
DA:28,0
DA:29,0
DA:30,0
DA:32,0
DA:33,0
DA:34,0
DA:38,0
DA:41,0
DA:42,0
DA:43,0
DA:45,0
DA:47,0
DA:48,0
DA:49,0
DA:50,0
DA:60,0
DA:65,0
DA:80,0
DA:86,0
DA:87,0
DA:88,0
DA:91,0
DA:92,0
DA:93,0
LF:38
LH:0
BRDA:42,0,0,0
BRDA:42,0,1,0
BRDA:42,1,0,0
BRDA:42,1,1,0
BRDA:29,2,0,0
BRDA:29,2,1,0
BRDA:29,3,0,0
BRDA:29,3,1,0
BRDA:32,4,0,0
BRDA:32,4,1,0
BRDA:32,5,0,0
BRDA:32,5,1,0
BRF:12
BRH:0
end_of_record
TN:
SF:/Users/senai/Desktop/IAT_Gradebook/frontend/app/containers/UserFormContainer/reducer.js
FN:20,userFormReducer
FNF:1
FNH:0
FNDA:0,userFormReducer
DA:1,0
DA:2,0
DA:14,0
DA:20,0
DA:21,0
DA:23,0
DA:25,0
DA:29,0
DA:31,0
DA:33,0
DA:40,0
DA:42,0
DA:44,0
DA:51,0
DA:53,0
LF:15
LH:0
BRDA:20,0,0,0
BRDA:20,0,1,0
BRDA:20,1,0,0
BRDA:20,1,1,0
BRDA:22,2,0,0
BRDA:22,2,1,0
BRDA:22,2,2,0
BRDA:22,2,3,0
BRDA:22,2,4,0
BRDA:22,2,5,0
BRDA:22,2,6,0
BRDA:22,2,7,0
BRDA:22,2,8,0
BRDA:22,2,9,0
BRF:14
BRH:0
end_of_record
TN:
SF:/Users/senai/Desktop/IAT_Gradebook/frontend/app/containers/UserFormContainer/saga.js
FN:14,userData
FN:14,userData$
FN:22,createUserForm
FN:22,createUserForm$
FN:31,editUserForm
FN:31,editUserForm$
FN:40,removeUser
FN:40,removeUser$
FNF:8
FNH:0
FNDA:0,userData
FNDA:0,userData$
FNDA:0,createUserForm
FNDA:0,createUserForm$
FNDA:0,editUserForm
FNDA:0,editUserForm$
FNDA:0,removeUser
FNDA:0,removeUser$
DA:1,0
DA:2,0
DA:3,0
DA:4,0
DA:12,0
DA:14,0
DA:22,0
DA:24,0
DA:31,0
DA:33,0
DA:40,0
LF:11
LH:0
BRDA:14,0,0,0
BRDA:14,0,1,0
BRDA:14,0,2,0
BRDA:22,1,0,0
BRDA:22,1,1,0
BRDA:22,1,2,0
BRDA:22,1,3,0
BRDA:22,1,4,0
BRDA:22,1,5,0
BRDA:31,2,0,0
BRDA:31,2,1,0
BRDA:31,2,2,0
BRDA:31,2,3,0
BRDA:31,2,4,0
BRDA:31,2,5,0
BRDA:40,3,0,0
BRDA:40,3,1,0
BRDA:40,3,2,0
BRDA:40,3,3,0
BRDA:40,3,4,0
BRDA:40,3,5,0
BRF:21
BRH:0
end_of_record
TN:
SF:/Users/senai/Desktop/IAT_Gradebook/frontend/app/containers/UserFormContainer/selectors.js
FN:3,selectUserForms
FN:5,makeSelectUserLoading
FN:6,(anonymous_2)
FN:9,makeSelectError
FN:10,(anonymous_4)
FN:13,makeSelectSuccess
FN:14,(anonymous_6)
FNF:7
FNH:0
FNDA:0,selectUserForms
FNDA:0,makeSelectUserLoading
FNDA:0,(anonymous_2)
FNDA:0,makeSelectError
FNDA:0,(anonymous_4)
FNDA:0,makeSelectSuccess
FNDA:0,(anonymous_6)
DA:1,0
DA:3,0
DA:5,0
DA:6,0
DA:9,0
DA:10,0
DA:13,0
DA:14,0
LF:8
LH:0
BRF:0
BRH:0
end_of_record
TN:
SF:/Users/senai/Desktop/IAT_Gradebook/frontend/app/containers/UserListContainer/actions.js
FN:5,loadUsers
FN:12,usersLoaded
FN:22,loadUsersError
FNF:3
FNH:0
FNDA:0,loadUsers
FNDA:0,usersLoaded
FNDA:0,loadUsersError
DA:1,0
DA:6,0
DA:13,0
DA:23,0
LF:4
LH:0
BRF:0
BRH:0
end_of_record
TN:
SF:/Users/senai/Desktop/IAT_Gradebook/frontend/app/containers/UserListContainer/constants.js
FNF:0
FNH:0
DA:1,0
DA:2,0
DA:3,0
LF:3
LH:0
BRF:0
BRH:0
end_of_record
TN:
SF:/Users/senai/Desktop/IAT_Gradebook/frontend/app/containers/UserListContainer/index.js
FN:99,mapDispatchToProps
FN:100,loadUsers
FNF:2
FNH:0
FNDA:0,mapDispatchToProps
FNDA:0,loadUsers
DA:6,0
DA:7,0
DA:8,0
DA:9,0
DA:10,0
DA:11,0
DA:13,0
DA:14,0
DA:15,0
DA:22,0
DA:23,0
DA:24,0
DA:25,0
DA:26,0
DA:27,0
DA:34,0
DA:35,0
DA:36,0
DA:39,0
DA:40,0
DA:41,0
DA:45,0
DA:48,0
DA:49,0
DA:51,0
DA:53,0
DA:54,0
DA:59,0
DA:62,0
DA:63,0
DA:64,0
DA:82,0
DA:91,0
DA:99,0
DA:100,0
DA:103,0
DA:104,0
DA:105,0
LF:38
LH:0
BRDA:40,0,0,0
BRDA:40,0,1,0
BRF:2
BRH:0
end_of_record
TN:
SF:/Users/senai/Desktop/IAT_Gradebook/frontend/app/containers/UserListContainer/normalizr.js
FN:6,normalizeUsers
FN:8,denormalizeUsers
FNF:2
FNH:0
FNDA:0,normalizeUsers
FNDA:0,denormalizeUsers
DA:1,0
DA:3,0
DA:4,0
DA:6,0
DA:8,0
DA:9,0
DA:10,0
DA:15,0
LF:8
LH:0
BRDA:9,0,0,0
BRDA:9,0,1,0
BRDA:15,1,0,0
BRDA:15,1,1,0
BRF:4
BRH:0
end_of_record
TN:
SF:/Users/senai/Desktop/IAT_Gradebook/frontend/app/containers/UserListContainer/reducer.js
FN:12,userReducer
FNF:1
FNH:0
FNDA:0,userReducer
DA:1,0
DA:2,0
DA:4,0
DA:12,0
DA:13,0
DA:15,0
DA:17,0
DA:23,0
DA:25,0
LF:9
LH:0
BRDA:12,0,0,0
BRDA:12,0,1,0
BRDA:12,1,0,0
BRDA:12,1,1,0
BRDA:14,2,0,0
BRDA:14,2,1,0
BRDA:14,2,2,0
BRDA:14,2,3,0
BRF:8
BRH:0
end_of_record
TN:
SF:/Users/senai/Desktop/IAT_Gradebook/frontend/app/containers/UserListContainer/saga.js
FN:10,usersSaga
FN:10,usersSaga$
FN:15,reloadUsers
FN:15,reloadUsers$
FN:22,getAllUsers
FN:22,getAllUsers$
FNF:6
FNH:0
FNDA:0,usersSaga
FNDA:0,usersSaga$
FNDA:0,reloadUsers
FNDA:0,reloadUsers$
FNDA:0,getAllUsers
FNDA:0,getAllUsers$
DA:1,0
DA:2,0
DA:3,0
DA:4,0
DA:5,0
DA:6,0
DA:7,0
DA:8,0
DA:10,0
DA:15,0
DA:22,0
DA:24,0
DA:25,0
DA:28,0
LF:14
LH:0
BRDA:10,0,0,0
BRDA:10,0,1,0
BRDA:10,0,2,0
BRDA:10,0,3,0
BRDA:15,1,0,0
BRDA:15,1,1,0
BRDA:15,1,2,0
BRDA:22,2,0,0
BRDA:22,2,1,0
BRDA:22,2,2,0
BRDA:22,2,3,0
BRDA:22,2,4,0
BRDA:22,2,5,0
BRDA:26,3,0,0
BRDA:26,3,1,0
BRF:15
BRH:0
end_of_record
TN:
SF:/Users/senai/Desktop/IAT_Gradebook/frontend/app/containers/UserListContainer/selectors.js
FN:4,selectUsers
FN:6,makeSelectUsersLoading
FN:7,(anonymous_2)
FN:9,makeSelectError
FN:10,(anonymous_4)
FN:12,makeSelectUsers
FN:13,(anonymous_6)
FN:16,makeSelectLimit
FN:17,(anonymous_8)
FN:19,makeSelectTotalCount
FN:20,(anonymous_10)
FNF:11
FNH:0
FNDA:0,selectUsers
FNDA:0,makeSelectUsersLoading
FNDA:0,(anonymous_2)
FNDA:0,makeSelectError
FNDA:0,(anonymous_4)
FNDA:0,makeSelectUsers
FNDA:0,(anonymous_6)
FNDA:0,makeSelectLimit
FNDA:0,(anonymous_8)
FNDA:0,makeSelectTotalCount
FNDA:0,(anonymous_10)
DA:1,0
DA:2,0
DA:4,0
DA:6,0
DA:7,0
DA:9,0
DA:10,0
DA:12,0
DA:13,0
DA:16,0
DA:17,0
DA:19,0
DA:20,0
LF:13
LH:0
BRF:0
BRH:0
end_of_record
TN:
SF:/Users/senai/Desktop/IAT_Gradebook/frontend/app/layouts/AdminDefaultLayout/index.js
FN:11,AdminDefaultLayout
FNF:1
FNH:0
FNDA:0,AdminDefaultLayout
DA:1,0
DA:2,0
DA:3,0
DA:4,0
DA:5,0
DA:6,0
DA:7,0
DA:8,0
DA:9,0
DA:11,0
DA:12,0
DA:13,0
DA:15,0
DA:16,0
DA:18,0
DA:21,0
DA:26,0
DA:30,0
LF:18
LH:0
BRDA:12,0,0,0
BRDA:12,0,1,0
BRDA:15,1,0,0
BRDA:15,1,1,0
BRF:4
BRH:0
end_of_record
TN:
SF:/Users/senai/Desktop/IAT_Gradebook/frontend/app/layouts/DefaultLayout/actions.js
FN:3,toggleSidebar
FN:9,openSidebar
FN:15,closeSidebar
FNF:3
FNH:0
FNDA:0,toggleSidebar
FNDA:0,openSidebar
FNDA:0,closeSidebar
DA:1,0
DA:4,0
DA:10,0
DA:16,0
LF:4
LH:0
BRF:0
BRH:0
end_of_record
TN:
SF:/Users/senai/Desktop/IAT_Gradebook/frontend/app/layouts/DefaultLayout/constants.js
FNF:0
FNH:0
DA:1,1
DA:2,1
DA:3,1
DA:5,1
DA:6,1
DA:8,1
LF:6
LH:6
BRF:0
BRH:0
end_of_record
TN:
SF:/Users/senai/Desktop/IAT_Gradebook/frontend/app/layouts/DefaultLayout/index.js
FN:51,render
FN:118,mapDispatchToProps
FN:119,toggleSidebar
FNF:3
FNH:0
FNDA:0,render
FNDA:0,mapDispatchToProps
FNDA:0,toggleSidebar
DA:1,0
DA:2,0
DA:3,0
DA:4,0
DA:5,0
DA:6,0
DA:7,0
DA:8,0
DA:9,0
DA:10,0
DA:11,0
DA:12,0
DA:13,0
DA:14,0
DA:15,0
DA:16,0
DA:17,0
DA:18,0
DA:19,0
DA:24,0
DA:25,0
DA:34,0
DA:36,0
DA:37,0
DA:45,0
DA:46,0
DA:47,0
DA:48,0
DA:51,0
DA:99,0
DA:111,0
DA:118,0
DA:119,0
DA:122,0
DA:124,0
LF:35
LH:0
BRDA:24,0,0,0
BRDA:24,0,1,0
BRDA:71,1,0,0
BRDA:71,1,1,0
BRDA:85,2,0,0
BRDA:85,2,1,0
BRF:6
BRH:0
end_of_record
TN:
SF:/Users/senai/Desktop/IAT_Gradebook/frontend/app/layouts/DefaultLayout/reducer.js
FN:8,routeReducer
FNF:1
FNH:0
FNDA:0,routeReducer
DA:1,0
DA:2,0
DA:4,0
DA:8,0
DA:9,0
DA:10,0
DA:12,0
DA:19,0
DA:21,0
LF:9
LH:0
BRDA:8,0,0,0
BRDA:8,0,1,0
BRDA:8,1,0,0
BRDA:8,1,1,0
BRDA:9,2,0,0
BRDA:9,2,1,0
BRDA:12,3,0,0
BRDA:12,3,1,0
BRDA:13,4,0,0
BRDA:13,4,1,0
BRDA:13,4,2,0
BRDA:13,4,3,0
BRDA:13,4,4,0
BRF:13
BRH:0
end_of_record
TN:
SF:/Users/senai/Desktop/IAT_Gradebook/frontend/app/layouts/DefaultLayout/selector.js
FN:4,makeSelectSidebarOpened
FN:5,(anonymous_1)
FN:8,selectRoute
FN:10,makeSelectError
FN:11,(anonymous_4)
FNF:5
FNH:0
FNDA:0,makeSelectSidebarOpened
FNDA:0,(anonymous_1)
FNDA:0,selectRoute
FNDA:0,makeSelectError
FNDA:0,(anonymous_4)
DA:1,0
DA:2,0
DA:4,0
DA:5,0
DA:8,0
DA:10,0
DA:11,0
LF:7
LH:0
BRF:0
BRH:0
end_of_record
TN:
SF:/Users/senai/Desktop/IAT_Gradebook/frontend/app/layouts/DefaultLayout/components/MyHeader/index.js
FN:8,MyHeader
FNF:1
FNH:0
FNDA:0,MyHeader
DA:1,0
DA:2,0
DA:3,0
DA:4,0
DA:8,0
DA:11,0
LF:6
LH:0
BRF:0
BRH:0
end_of_record
TN:
SF:/Users/senai/Desktop/IAT_Gradebook/frontend/app/layouts/DefaultLayout/components/MyMenuItem/index.js
FN:7,MyMenuItem
FNF:1
FNH:0
FNDA:0,MyMenuItem
DA:2,0
DA:3,0
DA:4,0
DA:5,0
DA:7,0
DA:13,0
LF:6
LH:0
BRDA:9,0,0,0
BRDA:9,0,1,0
BRF:2
BRH:0
end_of_record
TN:
SF:/Users/senai/Desktop/IAT_Gradebook/frontend/app/layouts/DefaultLayout/components/MySidebar/getMenuItems.js
FN:7,getMenuItems
FNF:1
FNH:0
FNDA:0,getMenuItems
DA:1,0
DA:7,0
LF:2
LH:0
BRF:0
BRH:0
end_of_record
TN:
SF:/Users/senai/Desktop/IAT_Gradebook/frontend/app/layouts/DefaultLayout/components/MySidebar/index.js
FN:47,(anonymous_10)
FN:28,(anonymous_13)
FNF:2
FNH:0
FNDA:0,(anonymous_10)
FNDA:0,(anonymous_13)
DA:1,0
DA:2,0
DA:3,0
DA:4,0
DA:5,0
DA:6,0
DA:7,0
DA:10,0
DA:14,0
DA:15,0
DA:16,0
DA:17,0
DA:18,0
DA:19,0
DA:20,0
DA:24,0
DA:27,0
DA:28,0
DA:29,0
DA:30,0
DA:32,0
DA:33,0
DA:35,0
DA:44,0
DA:45,0
DA:47,0
DA:56,0
DA:57,0
DA:58,0
DA:76,0
LF:30
LH:0
BRDA:16,0,0,0
BRDA:16,0,1,0
BRDA:18,1,0,0
BRDA:18,1,1,0
BRDA:29,2,0,0
BRDA:29,2,1,0
BRDA:32,3,0,0
BRDA:32,3,1,0
BRF:8
BRH:0
end_of_record
TN:
SF:/Users/senai/Desktop/IAT_Gradebook/frontend/app/layouts/DefaultLayout/components/MySubMenuItem/index.js
FN:5,MySubMenuItem
FNF:1
FNH:0
FNDA:0,MySubMenuItem
DA:1,0
DA:2,0
DA:3,0
DA:5,0
DA:11,0
LF:5
LH:0
BRF:0
BRH:0
end_of_record
TN:
SF:/Users/senai/Desktop/IAT_Gradebook/frontend/app/layouts/PrivateDefaultLayout/index.js
FN:11,PrivateDefaultLayout
FNF:1
FNH:0
FNDA:0,PrivateDefaultLayout
DA:1,0
DA:2,0
DA:3,0
DA:4,0
DA:5,0
DA:6,0
DA:7,0
DA:8,0
DA:9,0
DA:11,0
DA:16,0
DA:17,0
DA:18,0
DA:20,0
DA:21,0
DA:23,0
DA:26,0
DA:32,0
DA:36,0
LF:19
LH:0
BRDA:17,0,0,0
BRDA:17,0,1,0
BRDA:20,1,0,0
BRDA:20,1,1,0
BRDA:20,2,0,0
BRDA:20,2,1,0
BRF:6
BRH:0
end_of_record
TN:
SF:/Users/senai/Desktop/IAT_Gradebook/frontend/app/reducers/index.js
FN:12,createReducer
FNF:1
FNH:0
FNDA:0,createReducer
DA:13,0
LF:1
LH:0
BRF:0
BRH:0
end_of_record
TN:
SF:/Users/senai/Desktop/IAT_Gradebook/frontend/app/store/index.js
FN:13,configureStore
FNF:1
FNH:0
FNDA:0,configureStore
DA:5,0
DA:6,0
DA:7,0
DA:8,0
DA:9,0
DA:11,0
DA:13,0
DA:17,0
DA:19,0
DA:24,0
DA:35,0
DA:42,0
DA:43,0
DA:44,0
DA:54,0
LF:15
LH:0
BRDA:13,0,0,0
BRDA:13,0,1,0
BRDA:13,1,0,0
BRDA:13,1,1,0
BRDA:27,2,0,0
BRDA:27,2,1,0
BRDA:24,3,0,0
BRDA:24,3,1,0
BRDA:24,3,2,0
BRDA:25,4,0,0
BRDA:25,4,1,0
BRF:11
BRH:0
end_of_record
TN:
SF:/Users/senai/Desktop/IAT_Gradebook/frontend/app/utils/antd-notification.js
FN:3,(anonymous_0)
FNF:1
FNH:0
FNDA:0,(anonymous_0)
DA:3,1
DA:4,0
LF:2
LH:1
BRDA:3,0,0,0
BRF:1
BRH:0
end_of_record
TN:
SF:/Users/senai/Desktop/IAT_Gradebook/frontend/app/utils/authentication.js
FN:1,isValidUser
FN:3,checkInvalidRole
FN:4,(anonymous_2)
FNF:3
FNH:0
FNDA:0,isValidUser
FNDA:0,checkInvalidRole
FNDA:0,(anonymous_2)
DA:1,0
DA:3,0
DA:4,0
LF:3
LH:0
BRF:0
BRH:0
end_of_record
TN:
SF:/Users/senai/Desktop/IAT_Gradebook/frontend/app/utils/checkStore.js
FN:9,checkStore
FNF:1
FNH:1
FNDA:1,checkStore
DA:10,1
DA:19,1
LF:2
LH:2
BRF:0
BRH:0
end_of_record
TN:
SF:/Users/senai/Desktop/IAT_Gradebook/frontend/app/utils/constants.js
FNF:0
FNH:0
DA:1,1
DA:2,1
DA:3,1
DA:4,1
DA:5,1
DA:6,1
DA:8,1
DA:9,1
DA:10,1
DA:11,1
DA:13,1
DA:14,1
DA:15,1
DA:16,1
LF:14
LH:14
BRF:0
BRH:0
end_of_record
TN:
SF:/Users/senai/Desktop/IAT_Gradebook/frontend/app/utils/dispatchWithPromise.js
FN:1,dispatchWithPromise
FN:1,(anonymous_2)
FN:2,(anonymous_3)
FNF:3
FNH:0
FNDA:0,dispatchWithPromise
FNDA:0,(anonymous_2)
FNDA:0,(anonymous_3)
DA:1,0
DA:2,0
LF:2
LH:0
BRF:0
BRH:0
end_of_record
TN:
SF:/Users/senai/Desktop/IAT_Gradebook/frontend/app/utils/formatNumber.js
FN:1,formatToDecimal
FN:9,parseToDecimal
FNF:2
FNH:0
FNDA:0,formatToDecimal
FNDA:0,parseToDecimal
DA:1,0
DA:2,0
DA:3,0
DA:9,0
LF:4
LH:0
BRDA:1,0,0,0
BRDA:1,0,1,0
BRDA:1,1,0,0
BRDA:1,1,1,0
BRDA:2,2,0,0
BRDA:2,2,1,0
BRDA:9,3,0,0
BRDA:9,3,1,0
BRDA:9,4,0,0
BRDA:9,4,1,0
BRF:10
BRH:0
end_of_record
TN:
SF:/Users/senai/Desktop/IAT_Gradebook/frontend/app/utils/injectReducer.js
FN:14,(anonymous_0)
FN:14,(anonymous_1)
FN:24,(anonymous_2)
FN:32,(anonymous_3)
FNF:4
FNH:2
FNDA:1,(anonymous_0)
FNDA:1,(anonymous_1)
FNDA:0,(anonymous_2)
FNDA:0,(anonymous_3)
DA:14,1
DA:25,0
DA:27,0
DA:33,0
DA:37,1
LF:5
LH:2
BRDA:20,0,0,1
BRDA:20,0,1,0
BRDA:20,0,2,0
BRF:3
BRH:1
end_of_record
TN:
SF:/Users/senai/Desktop/IAT_Gradebook/frontend/app/utils/injectSaga.js
FN:18,(anonymous_0)
FN:18,(anonymous_1)
FN:28,(anonymous_2)
FN:34,(anonymous_3)
FN:42,(anonymous_4)
FNF:5
FNH:2
FNDA:1,(anonymous_0)
FNDA:1,(anonymous_1)
FNDA:0,(anonymous_2)
FNDA:0,(anonymous_3)
FNDA:0,(anonymous_4)
DA:18,1
DA:29,0
DA:31,0
DA:35,0
DA:37,0
DA:43,0
DA:47,1
LF:7
LH:2
BRDA:24,0,0,1
BRDA:24,0,1,0
BRDA:24,0,2,0
BRF:3
BRH:1
end_of_record
TN:
SF:/Users/senai/Desktop/IAT_Gradebook/frontend/app/utils/reducerInjectors.js
FN:9,injectReducerFactory
FN:10,injectReducer
FN:31,getInjectors
FNF:3
FNH:1
FNDA:0,injectReducerFactory
FNDA:0,injectReducer
FNDA:1,getInjectors
DA:10,0
DA:11,0
DA:13,0
DA:19,0
DA:23,0
DA:26,0
DA:27,0
DA:32,1
DA:34,0
LF:9
LH:1
BRDA:11,0,0,0
BRDA:11,0,1,0
BRDA:14,1,0,0
BRDA:14,1,1,0
BRDA:14,1,2,0
BRDA:19,2,0,0
BRDA:19,2,1,0
BRDA:20,3,0,0
BRDA:20,3,1,0
BRF:9
BRH:0
end_of_record
TN:
SF:/Users/senai/Desktop/IAT_Gradebook/frontend/app/utils/request.js
FN:9,(anonymous_0)
FN:15,(anonymous_1)
FN:26,(anonymous_2)
FN:33,(anonymous_3)
FN:39,(anonymous_4)
FN:45,(anonymous_5)
FN:51,(anonymous_6)
FN:88,(anonymous_7)
FN:97,(anonymous_8)
FN:105,(anonymous_9)
FN:110,(anonymous_10)
FN:141,(anonymous_11)
FN:150,(anonymous_12)
FNF:13
FNH:0
FNDA:0,(anonymous_0)
FNDA:0,(anonymous_1)
FNDA:0,(anonymous_2)
FNDA:0,(anonymous_3)
FNDA:0,(anonymous_4)
FNDA:0,(anonymous_5)
FNDA:0,(anonymous_6)
FNDA:0,(anonymous_7)
FNDA:0,(anonymous_8)
FNDA:0,(anonymous_9)
FNDA:0,(anonymous_10)
FNDA:0,(anonymous_11)
FNDA:0,(anonymous_12)
DA:10,0
DA:11,0
DA:15,1
DA:16,0
DA:17,0
DA:18,0
DA:19,0
DA:21,0
DA:26,1
DA:27,0
DA:33,1
DA:34,0
DA:39,1
DA:40,0
DA:45,1
DA:46,0
DA:51,1
DA:59,0
DA:60,0
DA:61,0
DA:62,0
DA:63,0
DA:66,0
DA:70,0
DA:71,0
DA:74,0
DA:80,0
DA:81,0
DA:82,0
DA:87,0
DA:89,0
DA:90,0
DA:92,0
DA:93,0
DA:95,0
DA:98,0
DA:99,0
DA:100,0
DA:101,0
DA:102,0
DA:103,0
DA:106,0
DA:110,1
DA:114,0
DA:115,0
DA:116,0
DA:117,0
DA:120,0
DA:124,0
DA:125,0
DA:128,0
DA:133,0
DA:134,0
DA:135,0
DA:140,0
DA:142,0
DA:143,0
DA:145,0
DA:146,0
DA:148,0
DA:151,0
LF:61
LH:7
BRDA:17,0,0,0
BRDA:17,0,1,0
BRDA:53,1,0,0
BRDA:54,2,0,0
BRDA:62,3,0,0
BRDA:62,3,1,0
BRDA:63,4,0,0
BRDA:63,4,1,0
BRDA:70,5,0,0
BRDA:70,5,1,0
BRDA:81,6,0,0
BRDA:81,6,1,0
BRDA:83,7,0,0
BRDA:83,7,1,0
BRDA:89,8,0,0
BRDA:89,8,1,0
BRDA:92,9,0,0
BRDA:92,9,1,0
BRDA:112,10,0,0
BRDA:116,11,0,0
BRDA:116,11,1,0
BRDA:117,12,0,0
BRDA:117,12,1,0
BRDA:124,13,0,0
BRDA:124,13,1,0
BRDA:134,14,0,0
BRDA:134,14,1,0
BRDA:136,15,0,0
BRDA:136,15,1,0
BRDA:142,16,0,0
BRDA:142,16,1,0
BRDA:145,17,0,0
BRDA:145,17,1,0
BRF:33
BRH:0
end_of_record
TN:
SF:/Users/senai/Desktop/IAT_Gradebook/frontend/app/utils/sagaInjectors.js
FN:12,(anonymous_0)
FN:18,(anonymous_1)
FN:21,(anonymous_2)
FN:29,injectSagaFactory
FN:30,injectSaga
FN:65,ejectSagaFactory
FN:66,ejectSaga
FN:85,getInjectors
FNF:8
FNH:0
FNDA:0,(anonymous_0)
FNDA:0,(anonymous_1)
FNDA:0,(anonymous_2)
FNDA:0,injectSagaFactory
FNDA:0,injectSaga
FNDA:0,ejectSagaFactory
FNDA:0,ejectSaga
FNDA:0,getInjectors
DA:10,1
DA:12,1
DA:13,0
DA:18,1
DA:19,0
DA:21,0
DA:23,0
DA:30,0
DA:31,0
DA:33,0
DA:37,0
DA:39,0
DA:40,0
DA:42,0
DA:44,0
DA:45,0
DA:47,0
DA:48,0
DA:49,0
DA:53,0
DA:57,0
DA:66,0
DA:67,0
DA:69,0
DA:71,0
DA:72,0
DA:73,0
DA:74,0
DA:76,0
DA:78,0
DA:86,0
DA:88,0
LF:32
LH:3
BRDA:14,0,0,0
BRDA:14,0,1,0
BRDA:21,1,0,0
BRDA:21,1,1,0
BRDA:30,2,0,0
BRDA:31,3,0,0
BRDA:31,3,1,0
BRDA:35,4,0,0
BRDA:35,4,1,0
BRDA:44,5,0,0
BRDA:44,5,1,0
BRDA:47,6,0,0
BRDA:47,6,1,0
BRDA:47,7,0,0
BRDA:47,7,1,0
BRDA:53,8,0,0
BRDA:53,8,1,0
BRDA:54,9,0,0
BRDA:54,9,1,0
BRDA:54,9,2,0
BRDA:54,9,3,0
BRDA:67,10,0,0
BRDA:67,10,1,0
BRDA:71,11,0,0
BRDA:71,11,1,0
BRDA:73,12,0,0
BRDA:73,12,1,0
BRDA:76,13,0,0
BRDA:76,13,1,0
BRF:29
BRH:0
end_of_record
TN:
SF:/Users/senai/Desktop/IAT_Gradebook/frontend/app/utils/transformObjectToArray.js
FN:1,transformObjectToArray
FN:3,(anonymous_1)
FNF:2
FNH:0
FNDA:0,transformObjectToArray
FNDA:0,(anonymous_1)
DA:2,0
DA:3,0
LF:2
LH:0
BRF:0
BRH:0
end_of_record
TN:
SF:/Users/senai/Desktop/IAT_Gradebook/frontend/app/utils/withLoginUser.js
FN:13,withLoginUser
FN:14,withLoginUserComponent
FN:16,isAdmin
FN:17,isPrincipal
FN:18,isTeacher
FN:19,isStudent
FN:29,mapDispatchToProps
FNF:7
FNH:0
FNDA:0,withLoginUser
FNDA:0,withLoginUserComponent
FNDA:0,isAdmin
FNDA:0,isPrincipal
FNDA:0,isTeacher
FNDA:0,isStudent
FNDA:0,mapDispatchToProps
DA:1,0
DA:2,0
DA:3,0
DA:4,0
DA:5,0
DA:6,0
DA:13,0
DA:14,0
DA:16,0
DA:17,0
DA:18,0
DA:19,0
DA:23,0
DA:26,0
DA:29,0
DA:30,0
DA:31,0
LF:17
LH:0
BRF:0
BRH:0
end_of_record
